#
# There is insufficient memory for the Java Runtime Environment to continue.
# Native memory allocation (malloc) failed to allocate 1096816 bytes for Chunk::new
# Possible reasons:
#   The system is out of physical RAM or swap space
#   The process is running with CompressedOops enabled, and the Java Heap may be blocking the growth of the native heap
# Possible solutions:
#   Reduce memory load on the system
#   Increase physical memory or swap space
#   Check if swap backing store is full
#   Decrease Java heap size (-Xmx/-Xms)
#   Decrease number of Java threads
#   Decrease Java thread stack sizes (-Xss)
#   Set larger code cache with -XX:ReservedCodeCacheSize=
#   JVM is running with Unscaled Compressed Oops mode in which the Java heap is
#     placed in the first 4GB address space. The Java Heap base address is the
#     maximum limit for the native heap growth. Please use -XX:HeapBaseMinAddress
#     to set the Java Heap base and to place the Java Heap above 4GB virtual address.
# This output file may be truncated or incomplete.
#
#  Out of Memory Error (src/hotspot/share/memory/arena.cpp:197), pid=19248, tid=9240
#
# JRE version: OpenJDK Runtime Environment (11.0.15) (build 11.0.15+0-b2043.56-8887301)
# Java VM: OpenJDK 64-Bit Server VM (11.0.15+0-b2043.56-8887301, mixed mode, tiered, compressed oops, g1 gc, windows-amd64)
# No core dump will be written. Minidumps are not enabled by default on client versions of Windows
#

---------------  S U M M A R Y ------------

Command Line: --add-opens=java.base/java.util=ALL-UNNAMED --add-opens=java.base/java.lang=ALL-UNNAMED --add-opens=java.base/java.lang.invoke=ALL-UNNAMED --add-opens=java.base/java.util=ALL-UNNAMED --add-opens=java.prefs/java.util.prefs=ALL-UNNAMED --add-opens=java.prefs/java.util.prefs=ALL-UNNAMED --add-opens=java.base/java.nio.charset=ALL-UNNAMED --add-opens=java.base/java.net=ALL-UNNAMED --add-opens=java.base/java.util.concurrent.atomic=ALL-UNNAMED -Xmx2048m -Dfile.encoding=UTF-8 -Duser.country=RU -Duser.language=ru -Duser.variant org.gradle.launcher.daemon.bootstrap.GradleDaemon 7.5

Host: Intel(R) Core(TM) i7-8750H CPU @ 2.20GHz, 12 cores, 15G,  Windows 10 , 64 bit Build 19041 (10.0.19041.2546)
Time: Mon Mar 20 13:52:23 2023 RTZ 2 (s 10 , 64 bit Build 19041 (10.0.19041.2546) elapsed time: 8.282620 seconds (0d 0h 0m 8s)

---------------  T H R E A D  ---------------

Current thread (0x0000024e00e03800):  JavaThread "C2 CompilerThread0" daemon [_thread_in_native, id=9240, stack(0x0000006f93500000,0x0000006f93600000)]


Current CompileTask:
C2:   8282 2681  s!   4       jdk.internal.loader.URLClassPath::getLoader (194 bytes)

Stack: [0x0000006f93500000,0x0000006f93600000]
Native frames: (J=compiled Java code, j=interpreted, Vv=VM code, C=native code)
V  [jvm.dll+0x64135a]
V  [jvm.dll+0x7d39f9]
V  [jvm.dll+0x7d51b9]
V  [jvm.dll+0x7d58a3]
V  [jvm.dll+0x2691c5]
V  [jvm.dll+0xc1a5c]
V  [jvm.dll+0xc200c]
V  [jvm.dll+0x377462]
V  [jvm.dll+0x342495]
V  [jvm.dll+0x34186a]
V  [jvm.dll+0x2214bd]
V  [jvm.dll+0x220498]
V  [jvm.dll+0x19e851]
V  [jvm.dll+0x230479]
V  [jvm.dll+0x22e5ef]
V  [jvm.dll+0x794de1]
V  [jvm.dll+0x78dc24]
V  [jvm.dll+0x6400f6]
C  [ucrtbase.dll+0x21bb2]
C  [KERNEL32.DLL+0x17614]
C  [ntdll.dll+0x526a1]


---------------  P R O C E S S  ---------------

Threads class SMR info:
_java_thread_list=0x0000024e0685e730, length=36, elements={
0x0000024e65b10800, 0x0000024e00525800, 0x0000024e00512000, 0x0000024e00dfd000,
0x0000024e00dfe000, 0x0000024e00dff000, 0x0000024e00e03800, 0x0000024e00e05800,
0x0000024e00e08800, 0x0000024e00f7b800, 0x0000024e03126000, 0x0000024e01128000,
0x0000024e02868000, 0x0000024e029b5800, 0x0000024e03fa7800, 0x0000024e029f0000,
0x0000024e01d65000, 0x0000024e04028000, 0x0000024e03080000, 0x0000024e0387c000,
0x0000024e0387d000, 0x0000024e0387e000, 0x0000024e0387b800, 0x0000024e03ec3000,
0x0000024e03ec4800, 0x0000024e03ec5000, 0x0000024e03ec6000, 0x0000024e03ec0800,
0x0000024e03ec7000, 0x0000024e03ec1000, 0x0000024e03ec3800, 0x0000024e03ec7800,
0x0000024e03ec2000, 0x0000024e03ecc800, 0x0000024e03ec8800, 0x0000024e03ec9800
}

Java Threads: ( => current thread )
  0x0000024e65b10800 JavaThread "main" [_thread_blocked, id=1492, stack(0x0000006f92900000,0x0000006f92a00000)]
  0x0000024e00525800 JavaThread "Reference Handler" daemon [_thread_blocked, id=16048, stack(0x0000006f93000000,0x0000006f93100000)]
  0x0000024e00512000 JavaThread "Finalizer" daemon [_thread_blocked, id=19856, stack(0x0000006f93100000,0x0000006f93200000)]
  0x0000024e00dfd000 JavaThread "Signal Dispatcher" daemon [_thread_blocked, id=9100, stack(0x0000006f93200000,0x0000006f93300000)]
  0x0000024e00dfe000 JavaThread "Attach Listener" daemon [_thread_blocked, id=3844, stack(0x0000006f93300000,0x0000006f93400000)]
  0x0000024e00dff000 JavaThread "Service Thread" daemon [_thread_blocked, id=10728, stack(0x0000006f93400000,0x0000006f93500000)]
=>0x0000024e00e03800 JavaThread "C2 CompilerThread0" daemon [_thread_in_native, id=9240, stack(0x0000006f93500000,0x0000006f93600000)]
  0x0000024e00e05800 JavaThread "C1 CompilerThread0" daemon [_thread_blocked, id=8444, stack(0x0000006f93600000,0x0000006f93700000)]
  0x0000024e00e08800 JavaThread "Sweeper thread" daemon [_thread_blocked, id=3600, stack(0x0000006f93700000,0x0000006f93800000)]
  0x0000024e00f7b800 JavaThread "Common-Cleaner" daemon [_thread_blocked, id=14548, stack(0x0000006f93800000,0x0000006f93900000)]
  0x0000024e03126000 JavaThread "Daemon health stats" [_thread_blocked, id=17904, stack(0x0000006f94000000,0x0000006f94100000)]
  0x0000024e01128000 JavaThread "Incoming local TCP Connector on port 59099" [_thread_in_native, id=16720, stack(0x0000006f93a00000,0x0000006f93b00000)]
  0x0000024e02868000 JavaThread "Daemon periodic checks" [_thread_blocked, id=12232, stack(0x0000006f94100000,0x0000006f94200000)]
  0x0000024e029b5800 JavaThread "Daemon" [_thread_blocked, id=17972, stack(0x0000006f94200000,0x0000006f94300000)]
  0x0000024e03fa7800 JavaThread "Handler for socket connection from /127.0.0.1:59099 to /127.0.0.1:59100" [_thread_in_native, id=16872, stack(0x0000006f94300000,0x0000006f94400000)]
  0x0000024e029f0000 JavaThread "Cancel handler" [_thread_blocked, id=17692, stack(0x0000006f94400000,0x0000006f94500000)]
  0x0000024e01d65000 JavaThread "Daemon worker" [_thread_in_native, id=8044, stack(0x0000006f94500000,0x0000006f94600000)]
  0x0000024e04028000 JavaThread "Asynchronous log dispatcher for DefaultDaemonConnection: socket connection from /127.0.0.1:59099 to /127.0.0.1:59100" [_thread_blocked, id=8316, stack(0x0000006f94600000,0x0000006f94700000)]
  0x0000024e03080000 JavaThread "Stdin handler" [_thread_blocked, id=6696, stack(0x0000006f94700000,0x0000006f94800000)]
  0x0000024e0387c000 JavaThread "Daemon client event forwarder" [_thread_blocked, id=4140, stack(0x0000006f94800000,0x0000006f94900000)]
  0x0000024e0387d000 JavaThread "Cache worker for journal cache (C:\Users\GF62\.gradle\caches\journal-1)" [_thread_blocked, id=15248, stack(0x0000006f94900000,0x0000006f94a00000)]
  0x0000024e0387e000 JavaThread "File lock request listener" [_thread_in_native, id=712, stack(0x0000006f94a00000,0x0000006f94b00000)]
  0x0000024e0387b800 JavaThread "Cache worker for file hash cache (C:\Users\GF62\.gradle\caches\7.5\fileHashes)" [_thread_blocked, id=4780, stack(0x0000006f95100000,0x0000006f95200000)]
  0x0000024e03ec3000 JavaThread "File watcher server" daemon [_thread_in_native, id=20020, stack(0x0000006f95300000,0x0000006f95400000)]
  0x0000024e03ec4800 JavaThread "File watcher consumer" daemon [_thread_blocked, id=7144, stack(0x0000006f95400000,0x0000006f95500000)]
  0x0000024e03ec5000 JavaThread "Cache worker for checksums cache (E:\Working\Android dev\practice22\.gradle\7.5\checksums)" [_thread_blocked, id=19364, stack(0x0000006f95500000,0x0000006f95600000)]
  0x0000024e03ec6000 JavaThread "Cache worker for cache directory md-rule (C:\Users\GF62\.gradle\caches\7.5\md-rule)" [_thread_blocked, id=19112, stack(0x0000006f95600000,0x0000006f95700000)]
  0x0000024e03ec0800 JavaThread "Cache worker for file content cache (C:\Users\GF62\.gradle\caches\7.5\fileContent)" [_thread_blocked, id=12128, stack(0x0000006f95700000,0x0000006f95800000)]
  0x0000024e03ec7000 JavaThread "Cache worker for file hash cache (E:\Working\Android dev\practice22\.gradle\7.5\fileHashes)" [_thread_blocked, id=8212, stack(0x0000006f95800000,0x0000006f95900000)]
  0x0000024e03ec1000 JavaThread "Cache worker for cache directory md-supplier (C:\Users\GF62\.gradle\caches\7.5\md-supplier)" [_thread_blocked, id=14480, stack(0x0000006f95900000,0x0000006f95a00000)]
  0x0000024e03ec3800 JavaThread "Cache worker for execution history cache (C:\Users\GF62\.gradle\caches\7.5\executionHistory)" [_thread_blocked, id=19616, stack(0x0000006f95200000,0x0000006f95300000)]
  0x0000024e03ec7800 JavaThread "jar transforms" [_thread_blocked, id=19780, stack(0x0000006f95a00000,0x0000006f95b00000)]
  0x0000024e03ec2000 JavaThread "jar transforms Thread 2" [_thread_blocked, id=16528, stack(0x0000006f95b00000,0x0000006f95c00000)]
  0x0000024e03ecc800 JavaThread "jar transforms Thread 3" [_thread_blocked, id=13152, stack(0x0000006f95c00000,0x0000006f95d00000)]
  0x0000024e03ec8800 JavaThread "jar transforms Thread 4" [_thread_blocked, id=16244, stack(0x0000006f95d00000,0x0000006f95e00000)]
  0x0000024e03ec9800 JavaThread "Cache worker for dependencies-accessors (E:\Working\Android dev\practice22\.gradle\7.5\dependencies-accessors)" [_thread_blocked, id=7032, stack(0x0000006f95e00000,0x0000006f95f00000)]
  0x0000024e04c55000 JavaThread "C2 CompilerThread1" daemon [_thread_in_native, id=8600, stack(0x0000006f95f00000,0x0000006f96000000)]

Other Threads:
  0x0000024e00511000 VMThread "VM Thread" [stack: 0x0000006f92f00000,0x0000006f93000000] [id=19804]
  0x0000024e00f7d000 WatcherThread [stack: 0x0000006f93900000,0x0000006f93a00000] [id=17868]
  0x0000024e65b2d000 GCTaskThread "GC Thread#0" [stack: 0x0000006f92a00000,0x0000006f92b00000] [id=8832]
  0x0000024e0175a800 GCTaskThread "GC Thread#1" [stack: 0x0000006f93b00000,0x0000006f93c00000] [id=16264]
  0x0000024e01fe5800 GCTaskThread "GC Thread#2" [stack: 0x0000006f93c00000,0x0000006f93d00000] [id=7192]
  0x0000024e01646800 GCTaskThread "GC Thread#3" [stack: 0x0000006f93d00000,0x0000006f93e00000] [id=12656]
  0x0000024e01bce000 GCTaskThread "GC Thread#4" [stack: 0x0000006f93e00000,0x0000006f93f00000] [id=18820]
  0x0000024e017d7800 GCTaskThread "GC Thread#5" [stack: 0x0000006f93f00000,0x0000006f94000000] [id=14608]
  0x0000024e033c8000 GCTaskThread "GC Thread#6" [stack: 0x0000006f94b00000,0x0000006f94c00000] [id=16740]
  0x0000024e03dd8800 GCTaskThread "GC Thread#7" [stack: 0x0000006f94c00000,0x0000006f94d00000] [id=11176]
  0x0000024e03a80800 GCTaskThread "GC Thread#8" [stack: 0x0000006f94d00000,0x0000006f94e00000] [id=9752]
  0x0000024e027e2000 GCTaskThread "GC Thread#9" [stack: 0x0000006f94e00000,0x0000006f94f00000] [id=4996]
  0x0000024e65b5d800 ConcurrentGCThread "G1 Main Marker" [stack: 0x0000006f92b00000,0x0000006f92c00000] [id=9580]
  0x0000024e65b60000 ConcurrentGCThread "G1 Conc#0" [stack: 0x0000006f92c00000,0x0000006f92d00000] [id=12276]
  0x0000024e015cc800 ConcurrentGCThread "G1 Conc#1" [stack: 0x0000006f94f00000,0x0000006f95000000] [id=1776]
  0x0000024e01b09800 ConcurrentGCThread "G1 Conc#2" [stack: 0x0000006f95000000,0x0000006f95100000] [id=18812]
  0x0000024e003dd800 ConcurrentGCThread "G1 Refine#0" [stack: 0x0000006f92d00000,0x0000006f92e00000] [id=19728]
  0x0000024e003de800 ConcurrentGCThread "G1 Young RemSet Sampling" [stack: 0x0000006f92e00000,0x0000006f92f00000] [id=15584]

Threads with active compile tasks:
C2 CompilerThread0     8377 2681  s!   4       jdk.internal.loader.URLClassPath::getLoader (194 bytes)
C2 CompilerThread1     8377 3735       4       jdk.internal.loader.URLClassPath::getResource (74 bytes)

VM state:not at safepoint (normal execution)

VM Mutex/Monitor currently owned by a thread: None

Heap address: 0x0000000080000000, size: 2048 MB, Compressed Oops mode: 32-bit
Narrow klass base: 0x0000000000000000, Narrow klass shift: 3
Compressed class space size: 1073741824 Address: 0x0000000100000000

Heap:
 garbage-first heap   total 260096K, used 118861K [0x0000000080000000, 0x0000000100000000)
  region size 1024K, 99 young (101376K), 6 survivors (6144K)
 Metaspace       used 43390K, capacity 44360K, committed 44592K, reserved 1087488K
  class space    used 5559K, capacity 5958K, committed 6016K, reserved 1048576K
Heap Regions: E=young(eden), S=young(survivor), O=old, HS=humongous(starts), HC=humongous(continues), CS=collection set, F=free, A=archive, TAMS=top-at-mark-start (previous, next)
|   0|0x0000000080000000, 0x0000000080100000, 0x0000000080100000|100%| O|  |TAMS 0x0000000080100000, 0x0000000080000000| Untracked 
|   1|0x0000000080100000, 0x0000000080200000, 0x0000000080200000|100%| O|  |TAMS 0x0000000080200000, 0x0000000080100000| Untracked 
|   2|0x0000000080200000, 0x0000000080300000, 0x0000000080300000|100%| O|  |TAMS 0x0000000080300000, 0x0000000080200000| Untracked 
|   3|0x0000000080300000, 0x0000000080400000, 0x0000000080400000|100%|HS|  |TAMS 0x0000000080400000, 0x0000000080300000| Complete 
|   4|0x0000000080400000, 0x0000000080500000, 0x0000000080500000|100%|HC|  |TAMS 0x0000000080500000, 0x0000000080400000| Complete 
|   5|0x0000000080500000, 0x0000000080600000, 0x0000000080600000|100%|HC|  |TAMS 0x0000000080600000, 0x0000000080500000| Complete 
|   6|0x0000000080600000, 0x0000000080700000, 0x0000000080700000|100%| O|  |TAMS 0x0000000080700000, 0x0000000080600000| Untracked 
|   7|0x0000000080700000, 0x0000000080800000, 0x0000000080800000|100%| O|  |TAMS 0x0000000080800000, 0x0000000080700000| Untracked 
|   8|0x0000000080800000, 0x0000000080900000, 0x0000000080900000|100%| O|  |TAMS 0x0000000080900000, 0x0000000080800000| Untracked 
|   9|0x0000000080900000, 0x0000000080a00000, 0x0000000080a00000|100%| O|  |TAMS 0x0000000080a00000, 0x0000000080900000| Untracked 
|  10|0x0000000080a00000, 0x0000000080b00000, 0x0000000080b00000|100%| O|  |TAMS 0x0000000080b00000, 0x0000000080a00000| Untracked 
|  11|0x0000000080b00000, 0x0000000080c00000, 0x0000000080c00000|100%| O|  |TAMS 0x0000000080c00000, 0x0000000080b00000| Untracked 
|  12|0x0000000080c00000, 0x0000000080d00000, 0x0000000080d00000|100%| O|  |TAMS 0x0000000080d00000, 0x0000000080c00000| Untracked 
|  13|0x0000000080d00000, 0x0000000080e00000, 0x0000000080e00000|100%| O|  |TAMS 0x0000000080e00000, 0x0000000080d00000| Untracked 
|  14|0x0000000080e00000, 0x0000000080f00000, 0x0000000080f00000|100%| O|  |TAMS 0x0000000080f00000, 0x0000000080e00000| Untracked 
|  15|0x0000000080f00000, 0x0000000081000000, 0x0000000081000000|100%| O|  |TAMS 0x0000000081000000, 0x0000000080f00000| Untracked 
|  16|0x0000000081000000, 0x0000000081094000, 0x0000000081100000| 57%| O|  |TAMS 0x0000000081094000, 0x0000000081000000| Untracked 
|  17|0x0000000081100000, 0x0000000081200000, 0x0000000081200000|100%|HS|  |TAMS 0x0000000081100000, 0x0000000081100000| Complete 
|  18|0x0000000081200000, 0x0000000081300000, 0x0000000081300000|100%|HS|  |TAMS 0x0000000081200000, 0x0000000081200000| Complete 
|  19|0x0000000081300000, 0x0000000081400000, 0x0000000081400000|100%|HC|  |TAMS 0x0000000081300000, 0x0000000081300000| Complete 
|  20|0x0000000081400000, 0x0000000081400000, 0x0000000081500000|  0%| F|  |TAMS 0x0000000081400000, 0x0000000081400000| Untracked 
|  21|0x0000000081500000, 0x0000000081500000, 0x0000000081600000|  0%| F|  |TAMS 0x0000000081500000, 0x0000000081500000| Untracked 
|  22|0x0000000081600000, 0x0000000081600000, 0x0000000081700000|  0%| F|  |TAMS 0x0000000081600000, 0x0000000081600000| Untracked 
|  23|0x0000000081700000, 0x0000000081700000, 0x0000000081800000|  0%| F|  |TAMS 0x0000000081700000, 0x0000000081700000| Untracked 
|  24|0x0000000081800000, 0x0000000081800000, 0x0000000081900000|  0%| F|  |TAMS 0x0000000081800000, 0x0000000081800000| Untracked 
|  25|0x0000000081900000, 0x0000000081900000, 0x0000000081a00000|  0%| F|  |TAMS 0x0000000081900000, 0x0000000081900000| Untracked 
|  26|0x0000000081a00000, 0x0000000081a00000, 0x0000000081b00000|  0%| F|  |TAMS 0x0000000081a00000, 0x0000000081a00000| Untracked 
|  27|0x0000000081b00000, 0x0000000081b00000, 0x0000000081c00000|  0%| F|  |TAMS 0x0000000081b00000, 0x0000000081b00000| Untracked 
|  28|0x0000000081c00000, 0x0000000081c00000, 0x0000000081d00000|  0%| F|  |TAMS 0x0000000081c00000, 0x0000000081c00000| Untracked 
|  29|0x0000000081d00000, 0x0000000081d00000, 0x0000000081e00000|  0%| F|  |TAMS 0x0000000081d00000, 0x0000000081d00000| Untracked 
|  30|0x0000000081e00000, 0x0000000081e00000, 0x0000000081f00000|  0%| F|  |TAMS 0x0000000081e00000, 0x0000000081e00000| Untracked 
|  31|0x0000000081f00000, 0x0000000081f00000, 0x0000000082000000|  0%| F|  |TAMS 0x0000000081f00000, 0x0000000081f00000| Untracked 
|  32|0x0000000082000000, 0x0000000082000000, 0x0000000082100000|  0%| F|  |TAMS 0x0000000082000000, 0x0000000082000000| Untracked 
|  33|0x0000000082100000, 0x0000000082100000, 0x0000000082200000|  0%| F|  |TAMS 0x0000000082100000, 0x0000000082100000| Untracked 
|  34|0x0000000082200000, 0x0000000082200000, 0x0000000082300000|  0%| F|  |TAMS 0x0000000082200000, 0x0000000082200000| Untracked 
|  35|0x0000000082300000, 0x0000000082300000, 0x0000000082400000|  0%| F|  |TAMS 0x0000000082300000, 0x0000000082300000| Untracked 
|  36|0x0000000082400000, 0x0000000082400000, 0x0000000082500000|  0%| F|  |TAMS 0x0000000082400000, 0x0000000082400000| Untracked 
|  37|0x0000000082500000, 0x0000000082500000, 0x0000000082600000|  0%| F|  |TAMS 0x0000000082500000, 0x0000000082500000| Untracked 
|  38|0x0000000082600000, 0x0000000082600000, 0x0000000082700000|  0%| F|  |TAMS 0x0000000082600000, 0x0000000082600000| Untracked 
|  39|0x0000000082700000, 0x0000000082700000, 0x0000000082800000|  0%| F|  |TAMS 0x0000000082700000, 0x0000000082700000| Untracked 
|  40|0x0000000082800000, 0x0000000082800000, 0x0000000082900000|  0%| F|  |TAMS 0x0000000082800000, 0x0000000082800000| Untracked 
|  41|0x0000000082900000, 0x0000000082900000, 0x0000000082a00000|  0%| F|  |TAMS 0x0000000082900000, 0x0000000082900000| Untracked 
|  42|0x0000000082a00000, 0x0000000082a00000, 0x0000000082b00000|  0%| F|  |TAMS 0x0000000082a00000, 0x0000000082a00000| Untracked 
|  43|0x0000000082b00000, 0x0000000082b00000, 0x0000000082c00000|  0%| F|  |TAMS 0x0000000082b00000, 0x0000000082b00000| Untracked 
|  44|0x0000000082c00000, 0x0000000082c00000, 0x0000000082d00000|  0%| F|  |TAMS 0x0000000082c00000, 0x0000000082c00000| Untracked 
|  45|0x0000000082d00000, 0x0000000082d00000, 0x0000000082e00000|  0%| F|  |TAMS 0x0000000082d00000, 0x0000000082d00000| Untracked 
|  46|0x0000000082e00000, 0x0000000082e00000, 0x0000000082f00000|  0%| F|  |TAMS 0x0000000082e00000, 0x0000000082e00000| Untracked 
|  47|0x0000000082f00000, 0x0000000082f00000, 0x0000000083000000|  0%| F|  |TAMS 0x0000000082f00000, 0x0000000082f00000| Untracked 
|  48|0x0000000083000000, 0x0000000083000000, 0x0000000083100000|  0%| F|  |TAMS 0x0000000083000000, 0x0000000083000000| Untracked 
|  49|0x0000000083100000, 0x0000000083100000, 0x0000000083200000|  0%| F|  |TAMS 0x0000000083100000, 0x0000000083100000| Untracked 
|  50|0x0000000083200000, 0x0000000083200000, 0x0000000083300000|  0%| F|  |TAMS 0x0000000083200000, 0x0000000083200000| Untracked 
|  51|0x0000000083300000, 0x0000000083300000, 0x0000000083400000|  0%| F|  |TAMS 0x0000000083300000, 0x0000000083300000| Untracked 
|  52|0x0000000083400000, 0x0000000083400000, 0x0000000083500000|  0%| F|  |TAMS 0x0000000083400000, 0x0000000083400000| Untracked 
|  53|0x0000000083500000, 0x0000000083500000, 0x0000000083600000|  0%| F|  |TAMS 0x0000000083500000, 0x0000000083500000| Untracked 
|  54|0x0000000083600000, 0x0000000083600000, 0x0000000083700000|  0%| F|  |TAMS 0x0000000083600000, 0x0000000083600000| Untracked 
|  55|0x0000000083700000, 0x0000000083700000, 0x0000000083800000|  0%| F|  |TAMS 0x0000000083700000, 0x0000000083700000| Untracked 
|  56|0x0000000083800000, 0x0000000083800000, 0x0000000083900000|  0%| F|  |TAMS 0x0000000083800000, 0x0000000083800000| Untracked 
|  57|0x0000000083900000, 0x0000000083900000, 0x0000000083a00000|  0%| F|  |TAMS 0x0000000083900000, 0x0000000083900000| Untracked 
|  58|0x0000000083a00000, 0x0000000083a00000, 0x0000000083b00000|  0%| F|  |TAMS 0x0000000083a00000, 0x0000000083a00000| Untracked 
|  59|0x0000000083b00000, 0x0000000083b00000, 0x0000000083c00000|  0%| F|  |TAMS 0x0000000083b00000, 0x0000000083b00000| Untracked 
|  60|0x0000000083c00000, 0x0000000083c00000, 0x0000000083d00000|  0%| F|  |TAMS 0x0000000083c00000, 0x0000000083c00000| Untracked 
|  61|0x0000000083d00000, 0x0000000083d00000, 0x0000000083e00000|  0%| F|  |TAMS 0x0000000083d00000, 0x0000000083d00000| Untracked 
|  62|0x0000000083e00000, 0x0000000083e00000, 0x0000000083f00000|  0%| F|  |TAMS 0x0000000083e00000, 0x0000000083e00000| Untracked 
|  63|0x0000000083f00000, 0x0000000083f00000, 0x0000000084000000|  0%| F|  |TAMS 0x0000000083f00000, 0x0000000083f00000| Untracked 
|  64|0x0000000084000000, 0x0000000084000000, 0x0000000084100000|  0%| F|  |TAMS 0x0000000084000000, 0x0000000084000000| Untracked 
|  65|0x0000000084100000, 0x0000000084100000, 0x0000000084200000|  0%| F|  |TAMS 0x0000000084100000, 0x0000000084100000| Untracked 
|  66|0x0000000084200000, 0x0000000084200000, 0x0000000084300000|  0%| F|  |TAMS 0x0000000084200000, 0x0000000084200000| Untracked 
|  67|0x0000000084300000, 0x0000000084300000, 0x0000000084400000|  0%| F|  |TAMS 0x0000000084300000, 0x0000000084300000| Untracked 
|  68|0x0000000084400000, 0x0000000084400000, 0x0000000084500000|  0%| F|  |TAMS 0x0000000084400000, 0x0000000084400000| Untracked 
|  69|0x0000000084500000, 0x0000000084500000, 0x0000000084600000|  0%| F|  |TAMS 0x0000000084500000, 0x0000000084500000| Untracked 
|  70|0x0000000084600000, 0x0000000084600000, 0x0000000084700000|  0%| F|  |TAMS 0x0000000084600000, 0x0000000084600000| Untracked 
|  71|0x0000000084700000, 0x0000000084700000, 0x0000000084800000|  0%| F|  |TAMS 0x0000000084700000, 0x0000000084700000| Untracked 
|  72|0x0000000084800000, 0x0000000084800000, 0x0000000084900000|  0%| F|  |TAMS 0x0000000084800000, 0x0000000084800000| Untracked 
|  73|0x0000000084900000, 0x0000000084900000, 0x0000000084a00000|  0%| F|  |TAMS 0x0000000084900000, 0x0000000084900000| Untracked 
|  74|0x0000000084a00000, 0x0000000084a00000, 0x0000000084b00000|  0%| F|  |TAMS 0x0000000084a00000, 0x0000000084a00000| Untracked 
|  75|0x0000000084b00000, 0x0000000084b00000, 0x0000000084c00000|  0%| F|  |TAMS 0x0000000084b00000, 0x0000000084b00000| Untracked 
|  76|0x0000000084c00000, 0x0000000084c00000, 0x0000000084d00000|  0%| F|  |TAMS 0x0000000084c00000, 0x0000000084c00000| Untracked 
|  77|0x0000000084d00000, 0x0000000084d00000, 0x0000000084e00000|  0%| F|  |TAMS 0x0000000084d00000, 0x0000000084d00000| Untracked 
|  78|0x0000000084e00000, 0x0000000084e00000, 0x0000000084f00000|  0%| F|  |TAMS 0x0000000084e00000, 0x0000000084e00000| Untracked 
|  79|0x0000000084f00000, 0x0000000084f00000, 0x0000000085000000|  0%| F|  |TAMS 0x0000000084f00000, 0x0000000084f00000| Untracked 
|  80|0x0000000085000000, 0x0000000085000000, 0x0000000085100000|  0%| F|  |TAMS 0x0000000085000000, 0x0000000085000000| Untracked 
|  81|0x0000000085100000, 0x0000000085100000, 0x0000000085200000|  0%| F|  |TAMS 0x0000000085100000, 0x0000000085100000| Untracked 
|  82|0x0000000085200000, 0x0000000085200000, 0x0000000085300000|  0%| F|  |TAMS 0x0000000085200000, 0x0000000085200000| Untracked 
|  83|0x0000000085300000, 0x0000000085300000, 0x0000000085400000|  0%| F|  |TAMS 0x0000000085300000, 0x0000000085300000| Untracked 
|  84|0x0000000085400000, 0x0000000085400000, 0x0000000085500000|  0%| F|  |TAMS 0x0000000085400000, 0x0000000085400000| Untracked 
|  85|0x0000000085500000, 0x0000000085500000, 0x0000000085600000|  0%| F|  |TAMS 0x0000000085500000, 0x0000000085500000| Untracked 
|  86|0x0000000085600000, 0x0000000085600000, 0x0000000085700000|  0%| F|  |TAMS 0x0000000085600000, 0x0000000085600000| Untracked 
|  87|0x0000000085700000, 0x0000000085700000, 0x0000000085800000|  0%| F|  |TAMS 0x0000000085700000, 0x0000000085700000| Untracked 
|  88|0x0000000085800000, 0x0000000085800000, 0x0000000085900000|  0%| F|  |TAMS 0x0000000085800000, 0x0000000085800000| Untracked 
|  89|0x0000000085900000, 0x0000000085900000, 0x0000000085a00000|  0%| F|  |TAMS 0x0000000085900000, 0x0000000085900000| Untracked 
|  90|0x0000000085a00000, 0x0000000085a00000, 0x0000000085b00000|  0%| F|  |TAMS 0x0000000085a00000, 0x0000000085a00000| Untracked 
|  91|0x0000000085b00000, 0x0000000085b00000, 0x0000000085c00000|  0%| F|  |TAMS 0x0000000085b00000, 0x0000000085b00000| Untracked 
|  92|0x0000000085c00000, 0x0000000085c00000, 0x0000000085d00000|  0%| F|  |TAMS 0x0000000085c00000, 0x0000000085c00000| Untracked 
|  93|0x0000000085d00000, 0x0000000085d00000, 0x0000000085e00000|  0%| F|  |TAMS 0x0000000085d00000, 0x0000000085d00000| Untracked 
|  94|0x0000000085e00000, 0x0000000085e00000, 0x0000000085f00000|  0%| F|  |TAMS 0x0000000085e00000, 0x0000000085e00000| Untracked 
|  95|0x0000000085f00000, 0x0000000085f00000, 0x0000000086000000|  0%| F|  |TAMS 0x0000000085f00000, 0x0000000085f00000| Untracked 
|  96|0x0000000086000000, 0x0000000086000000, 0x0000000086100000|  0%| F|  |TAMS 0x0000000086000000, 0x0000000086000000| Untracked 
|  97|0x0000000086100000, 0x0000000086100000, 0x0000000086200000|  0%| F|  |TAMS 0x0000000086100000, 0x0000000086100000| Untracked 
|  98|0x0000000086200000, 0x0000000086200000, 0x0000000086300000|  0%| F|  |TAMS 0x0000000086200000, 0x0000000086200000| Untracked 
|  99|0x0000000086300000, 0x0000000086300000, 0x0000000086400000|  0%| F|  |TAMS 0x0000000086300000, 0x0000000086300000| Untracked 
| 100|0x0000000086400000, 0x0000000086400000, 0x0000000086500000|  0%| F|  |TAMS 0x0000000086400000, 0x0000000086400000| Untracked 
| 101|0x0000000086500000, 0x0000000086500000, 0x0000000086600000|  0%| F|  |TAMS 0x0000000086500000, 0x0000000086500000| Untracked 
| 102|0x0000000086600000, 0x0000000086600000, 0x0000000086700000|  0%| F|  |TAMS 0x0000000086600000, 0x0000000086600000| Untracked 
| 103|0x0000000086700000, 0x0000000086700000, 0x0000000086800000|  0%| F|  |TAMS 0x0000000086700000, 0x0000000086700000| Untracked 
| 104|0x0000000086800000, 0x0000000086800000, 0x0000000086900000|  0%| F|  |TAMS 0x0000000086800000, 0x0000000086800000| Untracked 
| 105|0x0000000086900000, 0x0000000086900000, 0x0000000086a00000|  0%| F|  |TAMS 0x0000000086900000, 0x0000000086900000| Untracked 
| 106|0x0000000086a00000, 0x0000000086a00000, 0x0000000086b00000|  0%| F|  |TAMS 0x0000000086a00000, 0x0000000086a00000| Untracked 
| 107|0x0000000086b00000, 0x0000000086b00000, 0x0000000086c00000|  0%| F|  |TAMS 0x0000000086b00000, 0x0000000086b00000| Untracked 
| 108|0x0000000086c00000, 0x0000000086c00000, 0x0000000086d00000|  0%| F|  |TAMS 0x0000000086c00000, 0x0000000086c00000| Untracked 
| 109|0x0000000086d00000, 0x0000000086d00000, 0x0000000086e00000|  0%| F|  |TAMS 0x0000000086d00000, 0x0000000086d00000| Untracked 
| 110|0x0000000086e00000, 0x0000000086e00000, 0x0000000086f00000|  0%| F|  |TAMS 0x0000000086e00000, 0x0000000086e00000| Untracked 
| 111|0x0000000086f00000, 0x0000000086f00000, 0x0000000087000000|  0%| F|  |TAMS 0x0000000086f00000, 0x0000000086f00000| Untracked 
| 112|0x0000000087000000, 0x0000000087000000, 0x0000000087100000|  0%| F|  |TAMS 0x0000000087000000, 0x0000000087000000| Untracked 
| 113|0x0000000087100000, 0x0000000087100000, 0x0000000087200000|  0%| F|  |TAMS 0x0000000087100000, 0x0000000087100000| Untracked 
| 114|0x0000000087200000, 0x0000000087200000, 0x0000000087300000|  0%| F|  |TAMS 0x0000000087200000, 0x0000000087200000| Untracked 
| 115|0x0000000087300000, 0x0000000087300000, 0x0000000087400000|  0%| F|  |TAMS 0x0000000087300000, 0x0000000087300000| Untracked 
| 116|0x0000000087400000, 0x0000000087400000, 0x0000000087500000|  0%| F|  |TAMS 0x0000000087400000, 0x0000000087400000| Untracked 
| 117|0x0000000087500000, 0x0000000087500000, 0x0000000087600000|  0%| F|  |TAMS 0x0000000087500000, 0x0000000087500000| Untracked 
| 118|0x0000000087600000, 0x0000000087600000, 0x0000000087700000|  0%| F|  |TAMS 0x0000000087600000, 0x0000000087600000| Untracked 
| 119|0x0000000087700000, 0x0000000087700000, 0x0000000087800000|  0%| F|  |TAMS 0x0000000087700000, 0x0000000087700000| Untracked 
| 120|0x0000000087800000, 0x0000000087800000, 0x0000000087900000|  0%| F|  |TAMS 0x0000000087800000, 0x0000000087800000| Untracked 
| 121|0x0000000087900000, 0x0000000087900000, 0x0000000087a00000|  0%| F|  |TAMS 0x0000000087900000, 0x0000000087900000| Untracked 
| 122|0x0000000087a00000, 0x0000000087a00000, 0x0000000087b00000|  0%| F|  |TAMS 0x0000000087a00000, 0x0000000087a00000| Untracked 
| 123|0x0000000087b00000, 0x0000000087b00000, 0x0000000087c00000|  0%| F|  |TAMS 0x0000000087b00000, 0x0000000087b00000| Untracked 
| 124|0x0000000087c00000, 0x0000000087c00000, 0x0000000087d00000|  0%| F|  |TAMS 0x0000000087c00000, 0x0000000087c00000| Untracked 
| 125|0x0000000087d00000, 0x0000000087d00000, 0x0000000087e00000|  0%| F|  |TAMS 0x0000000087d00000, 0x0000000087d00000| Untracked 
| 126|0x0000000087e00000, 0x0000000087e00000, 0x0000000087f00000|  0%| F|  |TAMS 0x0000000087e00000, 0x0000000087e00000| Untracked 
| 127|0x0000000087f00000, 0x0000000087f00000, 0x0000000088000000|  0%| F|  |TAMS 0x0000000087f00000, 0x0000000087f00000| Untracked 
| 128|0x0000000088000000, 0x0000000088000000, 0x0000000088100000|  0%| F|  |TAMS 0x0000000088000000, 0x0000000088000000| Untracked 
| 129|0x0000000088100000, 0x0000000088100000, 0x0000000088200000|  0%| F|  |TAMS 0x0000000088100000, 0x0000000088100000| Untracked 
| 130|0x0000000088200000, 0x0000000088200000, 0x0000000088300000|  0%| F|  |TAMS 0x0000000088200000, 0x0000000088200000| Untracked 
| 131|0x0000000088300000, 0x0000000088300000, 0x0000000088400000|  0%| F|  |TAMS 0x0000000088300000, 0x0000000088300000| Untracked 
| 132|0x0000000088400000, 0x0000000088400000, 0x0000000088500000|  0%| F|  |TAMS 0x0000000088400000, 0x0000000088400000| Untracked 
| 133|0x0000000088500000, 0x0000000088500000, 0x0000000088600000|  0%| F|  |TAMS 0x0000000088500000, 0x0000000088500000| Untracked 
| 134|0x0000000088600000, 0x0000000088600000, 0x0000000088700000|  0%| F|  |TAMS 0x0000000088600000, 0x0000000088600000| Untracked 
| 135|0x0000000088700000, 0x0000000088700000, 0x0000000088800000|  0%| F|  |TAMS 0x0000000088700000, 0x0000000088700000| Untracked 
| 136|0x0000000088800000, 0x0000000088800000, 0x0000000088900000|  0%| F|  |TAMS 0x0000000088800000, 0x0000000088800000| Untracked 
| 137|0x0000000088900000, 0x0000000088900000, 0x0000000088a00000|  0%| F|  |TAMS 0x0000000088900000, 0x0000000088900000| Untracked 
| 138|0x0000000088a00000, 0x0000000088a00000, 0x0000000088b00000|  0%| F|  |TAMS 0x0000000088a00000, 0x0000000088a00000| Untracked 
| 139|0x0000000088b00000, 0x0000000088b00000, 0x0000000088c00000|  0%| F|  |TAMS 0x0000000088b00000, 0x0000000088b00000| Untracked 
| 140|0x0000000088c00000, 0x0000000088c00000, 0x0000000088d00000|  0%| F|  |TAMS 0x0000000088c00000, 0x0000000088c00000| Untracked 
| 141|0x0000000088d00000, 0x0000000088d00000, 0x0000000088e00000|  0%| F|  |TAMS 0x0000000088d00000, 0x0000000088d00000| Untracked 
| 142|0x0000000088e00000, 0x0000000088e00000, 0x0000000088f00000|  0%| F|  |TAMS 0x0000000088e00000, 0x0000000088e00000| Untracked 
| 143|0x0000000088f00000, 0x0000000088f00000, 0x0000000089000000|  0%| F|  |TAMS 0x0000000088f00000, 0x0000000088f00000| Untracked 
| 144|0x0000000089000000, 0x0000000089000000, 0x0000000089100000|  0%| F|  |TAMS 0x0000000089000000, 0x0000000089000000| Untracked 
| 145|0x0000000089100000, 0x0000000089100000, 0x0000000089200000|  0%| F|  |TAMS 0x0000000089100000, 0x0000000089100000| Untracked 
| 146|0x0000000089200000, 0x0000000089200000, 0x0000000089300000|  0%| F|  |TAMS 0x0000000089200000, 0x0000000089200000| Untracked 
| 147|0x0000000089300000, 0x0000000089300000, 0x0000000089400000|  0%| F|  |TAMS 0x0000000089300000, 0x0000000089300000| Untracked 
| 148|0x0000000089400000, 0x0000000089400000, 0x0000000089500000|  0%| F|  |TAMS 0x0000000089400000, 0x0000000089400000| Untracked 
| 149|0x0000000089500000, 0x0000000089500000, 0x0000000089600000|  0%| F|  |TAMS 0x0000000089500000, 0x0000000089500000| Untracked 
| 150|0x0000000089600000, 0x0000000089600000, 0x0000000089700000|  0%| F|  |TAMS 0x0000000089600000, 0x0000000089600000| Untracked 
| 151|0x0000000089700000, 0x0000000089700000, 0x0000000089800000|  0%| F|  |TAMS 0x0000000089700000, 0x0000000089700000| Untracked 
| 152|0x0000000089800000, 0x0000000089800000, 0x0000000089900000|  0%| F|  |TAMS 0x0000000089800000, 0x0000000089800000| Untracked 
| 153|0x0000000089900000, 0x0000000089900000, 0x0000000089a00000|  0%| F|  |TAMS 0x0000000089900000, 0x0000000089900000| Untracked 
| 154|0x0000000089a00000, 0x0000000089a00000, 0x0000000089b00000|  0%| F|  |TAMS 0x0000000089a00000, 0x0000000089a00000| Untracked 
| 155|0x0000000089b00000, 0x0000000089b83c10, 0x0000000089c00000| 51%| E|  |TAMS 0x0000000089b00000, 0x0000000089b00000| Complete 
| 156|0x0000000089c00000, 0x0000000089d00000, 0x0000000089d00000|100%| E|CS|TAMS 0x0000000089c00000, 0x0000000089c00000| Complete 
| 157|0x0000000089d00000, 0x0000000089e00000, 0x0000000089e00000|100%| E|CS|TAMS 0x0000000089d00000, 0x0000000089d00000| Complete 
| 158|0x0000000089e00000, 0x0000000089f00000, 0x0000000089f00000|100%| E|CS|TAMS 0x0000000089e00000, 0x0000000089e00000| Complete 
| 159|0x0000000089f00000, 0x000000008a000000, 0x000000008a000000|100%| E|CS|TAMS 0x0000000089f00000, 0x0000000089f00000| Complete 
| 160|0x000000008a000000, 0x000000008a07f710, 0x000000008a100000| 49%| S|CS|TAMS 0x000000008a000000, 0x000000008a000000| Complete 
| 161|0x000000008a100000, 0x000000008a200000, 0x000000008a200000|100%| S|CS|TAMS 0x000000008a100000, 0x000000008a100000| Complete 
| 162|0x000000008a200000, 0x000000008a300000, 0x000000008a300000|100%| S|CS|TAMS 0x000000008a200000, 0x000000008a200000| Complete 
| 163|0x000000008a300000, 0x000000008a400000, 0x000000008a400000|100%| S|CS|TAMS 0x000000008a300000, 0x000000008a300000| Complete 
| 164|0x000000008a400000, 0x000000008a500000, 0x000000008a500000|100%| S|CS|TAMS 0x000000008a400000, 0x000000008a400000| Complete 
| 165|0x000000008a500000, 0x000000008a600000, 0x000000008a600000|100%| S|CS|TAMS 0x000000008a500000, 0x000000008a500000| Complete 
| 166|0x000000008a600000, 0x000000008a700000, 0x000000008a700000|100%| E|CS|TAMS 0x000000008a600000, 0x000000008a600000| Complete 
| 167|0x000000008a700000, 0x000000008a800000, 0x000000008a800000|100%| E|CS|TAMS 0x000000008a700000, 0x000000008a700000| Complete 
| 168|0x000000008a800000, 0x000000008a900000, 0x000000008a900000|100%| E|CS|TAMS 0x000000008a800000, 0x000000008a800000| Complete 
| 169|0x000000008a900000, 0x000000008aa00000, 0x000000008aa00000|100%| E|CS|TAMS 0x000000008a900000, 0x000000008a900000| Complete 
| 170|0x000000008aa00000, 0x000000008ab00000, 0x000000008ab00000|100%| E|CS|TAMS 0x000000008aa00000, 0x000000008aa00000| Complete 
| 171|0x000000008ab00000, 0x000000008ac00000, 0x000000008ac00000|100%| E|CS|TAMS 0x000000008ab00000, 0x000000008ab00000| Complete 
| 172|0x000000008ac00000, 0x000000008ad00000, 0x000000008ad00000|100%| E|CS|TAMS 0x000000008ac00000, 0x000000008ac00000| Complete 
| 173|0x000000008ad00000, 0x000000008ae00000, 0x000000008ae00000|100%| E|CS|TAMS 0x000000008ad00000, 0x000000008ad00000| Complete 
| 174|0x000000008ae00000, 0x000000008af00000, 0x000000008af00000|100%| E|CS|TAMS 0x000000008ae00000, 0x000000008ae00000| Complete 
| 175|0x000000008af00000, 0x000000008b000000, 0x000000008b000000|100%| E|CS|TAMS 0x000000008af00000, 0x000000008af00000| Complete 
| 176|0x000000008b000000, 0x000000008b100000, 0x000000008b100000|100%| E|CS|TAMS 0x000000008b000000, 0x000000008b000000| Complete 
| 177|0x000000008b100000, 0x000000008b200000, 0x000000008b200000|100%| E|CS|TAMS 0x000000008b100000, 0x000000008b100000| Complete 
| 178|0x000000008b200000, 0x000000008b300000, 0x000000008b300000|100%| E|CS|TAMS 0x000000008b200000, 0x000000008b200000| Complete 
| 179|0x000000008b300000, 0x000000008b400000, 0x000000008b400000|100%| E|CS|TAMS 0x000000008b300000, 0x000000008b300000| Complete 
| 180|0x000000008b400000, 0x000000008b500000, 0x000000008b500000|100%| E|CS|TAMS 0x000000008b400000, 0x000000008b400000| Complete 
| 181|0x000000008b500000, 0x000000008b600000, 0x000000008b600000|100%| E|CS|TAMS 0x000000008b500000, 0x000000008b500000| Complete 
| 182|0x000000008b600000, 0x000000008b700000, 0x000000008b700000|100%| E|CS|TAMS 0x000000008b600000, 0x000000008b600000| Complete 
| 183|0x000000008b700000, 0x000000008b800000, 0x000000008b800000|100%| E|CS|TAMS 0x000000008b700000, 0x000000008b700000| Complete 
| 184|0x000000008b800000, 0x000000008b900000, 0x000000008b900000|100%| E|CS|TAMS 0x000000008b800000, 0x000000008b800000| Complete 
| 185|0x000000008b900000, 0x000000008ba00000, 0x000000008ba00000|100%| E|CS|TAMS 0x000000008b900000, 0x000000008b900000| Complete 
| 186|0x000000008ba00000, 0x000000008bb00000, 0x000000008bb00000|100%| E|CS|TAMS 0x000000008ba00000, 0x000000008ba00000| Complete 
| 187|0x000000008bb00000, 0x000000008bc00000, 0x000000008bc00000|100%| E|CS|TAMS 0x000000008bb00000, 0x000000008bb00000| Complete 
| 188|0x000000008bc00000, 0x000000008bd00000, 0x000000008bd00000|100%| E|CS|TAMS 0x000000008bc00000, 0x000000008bc00000| Complete 
| 189|0x000000008bd00000, 0x000000008be00000, 0x000000008be00000|100%| E|CS|TAMS 0x000000008bd00000, 0x000000008bd00000| Complete 
| 190|0x000000008be00000, 0x000000008bf00000, 0x000000008bf00000|100%| E|CS|TAMS 0x000000008be00000, 0x000000008be00000| Complete 
| 191|0x000000008bf00000, 0x000000008c000000, 0x000000008c000000|100%| E|CS|TAMS 0x000000008bf00000, 0x000000008bf00000| Complete 
| 192|0x000000008c000000, 0x000000008c100000, 0x000000008c100000|100%| E|CS|TAMS 0x000000008c000000, 0x000000008c000000| Complete 
| 193|0x000000008c100000, 0x000000008c200000, 0x000000008c200000|100%| E|CS|TAMS 0x000000008c100000, 0x000000008c100000| Complete 
| 194|0x000000008c200000, 0x000000008c300000, 0x000000008c300000|100%| E|CS|TAMS 0x000000008c200000, 0x000000008c200000| Complete 
| 195|0x000000008c300000, 0x000000008c400000, 0x000000008c400000|100%| E|CS|TAMS 0x000000008c300000, 0x000000008c300000| Complete 
| 196|0x000000008c400000, 0x000000008c500000, 0x000000008c500000|100%| E|CS|TAMS 0x000000008c400000, 0x000000008c400000| Complete 
| 197|0x000000008c500000, 0x000000008c600000, 0x000000008c600000|100%| E|CS|TAMS 0x000000008c500000, 0x000000008c500000| Complete 
| 198|0x000000008c600000, 0x000000008c700000, 0x000000008c700000|100%| E|CS|TAMS 0x000000008c600000, 0x000000008c600000| Complete 
| 199|0x000000008c700000, 0x000000008c800000, 0x000000008c800000|100%| E|CS|TAMS 0x000000008c700000, 0x000000008c700000| Complete 
| 200|0x000000008c800000, 0x000000008c900000, 0x000000008c900000|100%| E|CS|TAMS 0x000000008c800000, 0x000000008c800000| Complete 
| 201|0x000000008c900000, 0x000000008ca00000, 0x000000008ca00000|100%| E|CS|TAMS 0x000000008c900000, 0x000000008c900000| Complete 
| 202|0x000000008ca00000, 0x000000008cb00000, 0x000000008cb00000|100%| E|CS|TAMS 0x000000008ca00000, 0x000000008ca00000| Complete 
| 203|0x000000008cb00000, 0x000000008cc00000, 0x000000008cc00000|100%| E|CS|TAMS 0x000000008cb00000, 0x000000008cb00000| Complete 
| 204|0x000000008cc00000, 0x000000008cd00000, 0x000000008cd00000|100%| E|CS|TAMS 0x000000008cc00000, 0x000000008cc00000| Complete 
| 205|0x000000008cd00000, 0x000000008ce00000, 0x000000008ce00000|100%| E|CS|TAMS 0x000000008cd00000, 0x000000008cd00000| Complete 
| 206|0x000000008ce00000, 0x000000008cf00000, 0x000000008cf00000|100%| E|CS|TAMS 0x000000008ce00000, 0x000000008ce00000| Complete 
| 207|0x000000008cf00000, 0x000000008d000000, 0x000000008d000000|100%| E|CS|TAMS 0x000000008cf00000, 0x000000008cf00000| Complete 
| 208|0x000000008d000000, 0x000000008d100000, 0x000000008d100000|100%| E|CS|TAMS 0x000000008d000000, 0x000000008d000000| Complete 
| 209|0x000000008d100000, 0x000000008d200000, 0x000000008d200000|100%| E|CS|TAMS 0x000000008d100000, 0x000000008d100000| Complete 
| 210|0x000000008d200000, 0x000000008d300000, 0x000000008d300000|100%| E|CS|TAMS 0x000000008d200000, 0x000000008d200000| Complete 
| 211|0x000000008d300000, 0x000000008d400000, 0x000000008d400000|100%| E|CS|TAMS 0x000000008d300000, 0x000000008d300000| Complete 
| 212|0x000000008d400000, 0x000000008d500000, 0x000000008d500000|100%| E|  |TAMS 0x000000008d400000, 0x000000008d400000| Complete 
| 213|0x000000008d500000, 0x000000008d600000, 0x000000008d600000|100%| E|CS|TAMS 0x000000008d500000, 0x000000008d500000| Complete 
| 214|0x000000008d600000, 0x000000008d700000, 0x000000008d700000|100%| E|CS|TAMS 0x000000008d600000, 0x000000008d600000| Complete 
| 215|0x000000008d700000, 0x000000008d800000, 0x000000008d800000|100%| E|CS|TAMS 0x000000008d700000, 0x000000008d700000| Complete 
| 216|0x000000008d800000, 0x000000008d900000, 0x000000008d900000|100%| E|CS|TAMS 0x000000008d800000, 0x000000008d800000| Complete 
| 217|0x000000008d900000, 0x000000008da00000, 0x000000008da00000|100%| E|CS|TAMS 0x000000008d900000, 0x000000008d900000| Complete 
| 218|0x000000008da00000, 0x000000008db00000, 0x000000008db00000|100%| E|CS|TAMS 0x000000008da00000, 0x000000008da00000| Complete 
| 219|0x000000008db00000, 0x000000008dc00000, 0x000000008dc00000|100%| E|CS|TAMS 0x000000008db00000, 0x000000008db00000| Complete 
| 220|0x000000008dc00000, 0x000000008dd00000, 0x000000008dd00000|100%| E|CS|TAMS 0x000000008dc00000, 0x000000008dc00000| Complete 
| 221|0x000000008dd00000, 0x000000008de00000, 0x000000008de00000|100%| E|CS|TAMS 0x000000008dd00000, 0x000000008dd00000| Complete 
| 222|0x000000008de00000, 0x000000008df00000, 0x000000008df00000|100%| E|CS|TAMS 0x000000008de00000, 0x000000008de00000| Complete 
| 223|0x000000008df00000, 0x000000008e000000, 0x000000008e000000|100%| E|CS|TAMS 0x000000008df00000, 0x000000008df00000| Complete 
| 224|0x000000008e000000, 0x000000008e100000, 0x000000008e100000|100%| E|CS|TAMS 0x000000008e000000, 0x000000008e000000| Complete 
| 225|0x000000008e100000, 0x000000008e200000, 0x000000008e200000|100%| E|CS|TAMS 0x000000008e100000, 0x000000008e100000| Complete 
| 226|0x000000008e200000, 0x000000008e300000, 0x000000008e300000|100%| E|CS|TAMS 0x000000008e200000, 0x000000008e200000| Complete 
| 227|0x000000008e300000, 0x000000008e400000, 0x000000008e400000|100%| E|CS|TAMS 0x000000008e300000, 0x000000008e300000| Complete 
| 228|0x000000008e400000, 0x000000008e500000, 0x000000008e500000|100%| E|CS|TAMS 0x000000008e400000, 0x000000008e400000| Complete 
| 229|0x000000008e500000, 0x000000008e600000, 0x000000008e600000|100%| E|CS|TAMS 0x000000008e500000, 0x000000008e500000| Complete 
| 230|0x000000008e600000, 0x000000008e700000, 0x000000008e700000|100%| E|CS|TAMS 0x000000008e600000, 0x000000008e600000| Complete 
| 231|0x000000008e700000, 0x000000008e800000, 0x000000008e800000|100%| E|CS|TAMS 0x000000008e700000, 0x000000008e700000| Complete 
| 232|0x000000008e800000, 0x000000008e900000, 0x000000008e900000|100%| E|CS|TAMS 0x000000008e800000, 0x000000008e800000| Complete 
| 233|0x000000008e900000, 0x000000008ea00000, 0x000000008ea00000|100%| E|CS|TAMS 0x000000008e900000, 0x000000008e900000| Complete 
| 234|0x000000008ea00000, 0x000000008eb00000, 0x000000008eb00000|100%| E|CS|TAMS 0x000000008ea00000, 0x000000008ea00000| Complete 
| 235|0x000000008eb00000, 0x000000008ec00000, 0x000000008ec00000|100%| E|CS|TAMS 0x000000008eb00000, 0x000000008eb00000| Complete 
| 236|0x000000008ec00000, 0x000000008ed00000, 0x000000008ed00000|100%| E|CS|TAMS 0x000000008ec00000, 0x000000008ec00000| Complete 
| 237|0x000000008ed00000, 0x000000008ee00000, 0x000000008ee00000|100%| E|CS|TAMS 0x000000008ed00000, 0x000000008ed00000| Complete 
| 238|0x000000008ee00000, 0x000000008ef00000, 0x000000008ef00000|100%| E|CS|TAMS 0x000000008ee00000, 0x000000008ee00000| Complete 
| 239|0x000000008ef00000, 0x000000008f000000, 0x000000008f000000|100%| E|CS|TAMS 0x000000008ef00000, 0x000000008ef00000| Complete 
| 240|0x000000008f000000, 0x000000008f100000, 0x000000008f100000|100%| E|CS|TAMS 0x000000008f000000, 0x000000008f000000| Complete 
| 241|0x000000008f100000, 0x000000008f200000, 0x000000008f200000|100%| E|CS|TAMS 0x000000008f100000, 0x000000008f100000| Complete 
| 242|0x000000008f200000, 0x000000008f300000, 0x000000008f300000|100%| E|CS|TAMS 0x000000008f200000, 0x000000008f200000| Complete 
| 243|0x000000008f300000, 0x000000008f400000, 0x000000008f400000|100%| E|CS|TAMS 0x000000008f300000, 0x000000008f300000| Complete 
| 244|0x000000008f400000, 0x000000008f500000, 0x000000008f500000|100%| E|CS|TAMS 0x000000008f400000, 0x000000008f400000| Complete 
| 245|0x000000008f500000, 0x000000008f600000, 0x000000008f600000|100%| E|CS|TAMS 0x000000008f500000, 0x000000008f500000| Complete 
| 246|0x000000008f600000, 0x000000008f700000, 0x000000008f700000|100%| E|CS|TAMS 0x000000008f600000, 0x000000008f600000| Complete 
| 247|0x000000008f700000, 0x000000008f800000, 0x000000008f800000|100%| E|CS|TAMS 0x000000008f700000, 0x000000008f700000| Complete 
| 248|0x000000008f800000, 0x000000008f900000, 0x000000008f900000|100%| E|CS|TAMS 0x000000008f800000, 0x000000008f800000| Complete 
| 249|0x000000008f900000, 0x000000008fa00000, 0x000000008fa00000|100%| E|CS|TAMS 0x000000008f900000, 0x000000008f900000| Complete 
| 250|0x000000008fa00000, 0x000000008fb00000, 0x000000008fb00000|100%| E|CS|TAMS 0x000000008fa00000, 0x000000008fa00000| Complete 
| 251|0x000000008fb00000, 0x000000008fc00000, 0x000000008fc00000|100%| E|CS|TAMS 0x000000008fb00000, 0x000000008fb00000| Complete 
| 252|0x000000008fc00000, 0x000000008fd00000, 0x000000008fd00000|100%| E|CS|TAMS 0x000000008fc00000, 0x000000008fc00000| Complete 
| 253|0x000000008fd00000, 0x000000008fe00000, 0x000000008fe00000|100%| E|CS|TAMS 0x000000008fd00000, 0x000000008fd00000| Complete 

Card table byte_map: [0x0000024e78fa0000,0x0000024e793a0000] _byte_map_base: 0x0000024e78ba0000

Marking Bits (Prev, Next): (CMBitMap*) 0x0000024e65b548c8, (CMBitMap*) 0x0000024e65b54900
 Prev Bits: [0x0000024e797a0000, 0x0000024e7b7a0000)
 Next Bits: [0x0000024e7b7a0000, 0x0000024e7d7a0000)

Polling page: 0x0000024e63b30000

Metaspace:

Usage:
  Non-class:     37.63 MB capacity,    37.02 MB ( 98%) used,   514.12 KB (  1%) free+waste,   107.50 KB ( <1%) overhead. 
      Class:      5.85 MB capacity,     5.44 MB ( 93%) used,   370.81 KB (  6%) free+waste,    51.88 KB ( <1%) overhead. 
       Both:     43.48 MB capacity,    42.46 MB ( 98%) used,   884.94 KB (  2%) free+waste,   159.38 KB ( <1%) overhead. 

Virtual space:
  Non-class space:       38.00 MB reserved,      37.67 MB (>99%) committed 
      Class space:        1.00 GB reserved,       5.88 MB ( <1%) committed 
             Both:        1.04 GB reserved,      43.55 MB (  4%) committed 

Chunk freelists:
   Non-Class:  46.00 KB
       Class:  26.00 KB
        Both:  72.00 KB

MaxMetaspaceSize: 17179869184.00 GB
CompressedClassSpaceSize: 1.00 GB
Initial GC threshold: 20.80 MB
Current GC threshold: 58.83 MB
CDS: off

CodeHeap 'non-profiled nmethods': size=120000Kb used=1605Kb max_used=1605Kb free=118394Kb
 bounds [0x0000024e71110000, 0x0000024e71380000, 0x0000024e78640000]
CodeHeap 'profiled nmethods': size=120000Kb used=7294Kb max_used=7294Kb free=112705Kb
 bounds [0x0000024e69be0000, 0x0000024e6a300000, 0x0000024e71110000]
CodeHeap 'non-nmethods': size=5760Kb used=2277Kb max_used=2314Kb free=3482Kb
 bounds [0x0000024e69640000, 0x0000024e698b0000, 0x0000024e69be0000]
 total_blobs=4461 nmethods=3688 adapters=685
 compilation: enabled
              stopped_count=0, restarted_count=0
 full_count=0

Compilation events (20 events):
Event: 8.195 Thread 0x0000024e00e05800 3714       2       jdk.internal.reflect.AccessorGenerator::sub (5 bytes)
Event: 8.195 Thread 0x0000024e00e05800 nmethod 3714 0x0000024e6a2eeb10 code [0x0000024e6a2eecc0, 0x0000024e6a2eed98]
Event: 8.195 Thread 0x0000024e00e05800 3716       2       org.gradle.internal.time.TimeSource$1::nanoTime (4 bytes)
Event: 8.195 Thread 0x0000024e00e05800 nmethod 3716 0x0000024e6a2eee10 code [0x0000024e6a2eefc0, 0x0000024e6a2ef0b8]
Event: 8.196 Thread 0x0000024e00e05800 3718       1       java.lang.reflect.Constructor::getSharedParameterTypes (5 bytes)
Event: 8.196 Thread 0x0000024e00e05800 nmethod 3718 0x0000024e712a0c10 code [0x0000024e712a0dc0, 0x0000024e712a0e78]
Event: 8.197 Thread 0x0000024e00e05800 3720       2       sun.security.provider.SHA::implCompress0 (482 bytes)
Event: 8.197 Thread 0x0000024e00e05800 nmethod 3720 0x0000024e6a2ef190 code [0x0000024e6a2ef3a0, 0x0000024e6a2efad8]
Event: 8.197 Thread 0x0000024e00e05800 3721       2       jdk.internal.reflect.ClassFileAssembler::emitConstantPoolMethodref (28 bytes)
Event: 8.198 Thread 0x0000024e00e05800 nmethod 3721 0x0000024e6a2eff90 code [0x0000024e6a2f01a0, 0x0000024e6a2f04e8]
Event: 8.198 Thread 0x0000024e00e05800 3722       2       jdk.internal.reflect.ClassFileAssembler::emitConstantPoolNameAndType (28 bytes)
Event: 8.198 Thread 0x0000024e00e05800 nmethod 3722 0x0000024e6a2f0790 code [0x0000024e6a2f09a0, 0x0000024e6a2f0ce8]
Event: 8.198 Thread 0x0000024e00e05800 3723       2       sun.security.provider.ByteArrayAccess::b2iBig64 (614 bytes)
Event: 8.199 Thread 0x0000024e00e05800 nmethod 3723 0x0000024e6a2f0f90 code [0x0000024e6a2f1180, 0x0000024e6a2f18e8]
Event: 8.199 Thread 0x0000024e00e05800 3724       2       jdk.internal.reflect.ClassFileAssembler::emitConstantPoolClass (23 bytes)
Event: 8.199 Thread 0x0000024e00e05800 nmethod 3724 0x0000024e6a2f1b90 code [0x0000024e6a2f1d60, 0x0000024e6a2f1fa8]
Event: 8.206 Thread 0x0000024e00e05800 3726       2       sun.reflect.generics.tree.TypeVariableSignature::make (9 bytes)
Event: 8.206 Thread 0x0000024e00e05800 nmethod 3726 0x0000024e6a2f2190 code [0x0000024e6a2f2340, 0x0000024e6a2f24b8]
Event: 8.206 Thread 0x0000024e00e05800 3727       2       sun.reflect.generics.tree.TypeVariableSignature::<init> (10 bytes)
Event: 8.206 Thread 0x0000024e00e05800 nmethod 3727 0x0000024e6a2f2590 code [0x0000024e6a2f2740, 0x0000024e6a2f2878]

GC Heap History (8 events):
Event: 1.247 GC heap before
{Heap before GC invocations=0 (full 0):
 garbage-first heap   total 260096K, used 29696K [0x0000000080000000, 0x0000000100000000)
  region size 1024K, 24 young (24576K), 0 survivors (0K)
 Metaspace       used 10105K, capacity 10339K, committed 10624K, reserved 1058816K
  class space    used 1033K, capacity 1106K, committed 1152K, reserved 1048576K
}
Event: 1.252 GC heap after
{Heap after GC invocations=1 (full 0):
 garbage-first heap   total 260096K, used 9317K [0x0000000080000000, 0x0000000100000000)
  region size 1024K, 3 young (3072K), 3 survivors (3072K)
 Metaspace       used 10105K, capacity 10339K, committed 10624K, reserved 1058816K
  class space    used 1033K, capacity 1106K, committed 1152K, reserved 1048576K
}
Event: 5.341 GC heap before
{Heap before GC invocations=1 (full 0):
 garbage-first heap   total 260096K, used 108645K [0x0000000080000000, 0x0000000100000000)
  region size 1024K, 100 young (102400K), 3 survivors (3072K)
 Metaspace       used 20772K, capacity 21195K, committed 21296K, reserved 1069056K
  class space    used 2523K, capacity 2685K, committed 2688K, reserved 1048576K
}
Event: 5.349 GC heap after
{Heap after GC invocations=2 (full 0):
 garbage-first heap   total 260096K, used 17263K [0x0000000080000000, 0x0000000100000000)
  region size 1024K, 11 young (11264K), 11 survivors (11264K)
 Metaspace       used 20772K, capacity 21195K, committed 21296K, reserved 1069056K
  class space    used 2523K, capacity 2685K, committed 2688K, reserved 1048576K
}
Event: 6.088 GC heap before
{Heap before GC invocations=3 (full 0):
 garbage-first heap   total 260096K, used 51055K [0x0000000080000000, 0x0000000100000000)
  region size 1024K, 45 young (46080K), 11 survivors (11264K)
 Metaspace       used 24247K, capacity 24818K, committed 25008K, reserved 1071104K
  class space    used 3090K, capacity 3285K, committed 3328K, reserved 1048576K
}
Event: 6.093 GC heap after
{Heap after GC invocations=4 (full 0):
 garbage-first heap   total 260096K, used 18720K [0x0000000080000000, 0x0000000100000000)
  region size 1024K, 2 young (2048K), 2 survivors (2048K)
 Metaspace       used 24247K, capacity 24818K, committed 25008K, reserved 1071104K
  class space    used 3090K, capacity 3285K, committed 3328K, reserved 1048576K
}
Event: 7.514 GC heap before
{Heap before GC invocations=4 (full 0):
 garbage-first heap   total 260096K, used 105760K [0x0000000080000000, 0x0000000100000000)
  region size 1024K, 88 young (90112K), 2 survivors (2048K)
 Metaspace       used 34881K, capacity 35732K, committed 35888K, reserved 1081344K
  class space    used 4557K, capacity 4889K, committed 4992K, reserved 1048576K
}
Event: 7.521 GC heap after
{Heap after GC invocations=5 (full 0):
 garbage-first heap   total 260096K, used 22605K [0x0000000080000000, 0x0000000100000000)
  region size 1024K, 6 young (6144K), 6 survivors (6144K)
 Metaspace       used 34881K, capacity 35732K, committed 35888K, reserved 1081344K
  class space    used 4557K, capacity 4889K, committed 4992K, reserved 1048576K
}

Deoptimization events (20 events):
Event: 7.681 Thread 0x0000024e01d65000 DEOPT PACKING pc=0x0000024e6a1edf3b sp=0x0000006f945f7ba0
Event: 7.681 Thread 0x0000024e01d65000 DEOPT UNPACKING pc=0x0000024e6968a95e sp=0x0000006f945f7038 mode 0
Event: 7.728 Thread 0x0000024e01d65000 DEOPT PACKING pc=0x0000024e6a21c140 sp=0x0000006f945f78d0
Event: 7.728 Thread 0x0000024e01d65000 DEOPT UNPACKING pc=0x0000024e6968a95e sp=0x0000006f945f6de8 mode 0
Event: 7.914 Thread 0x0000024e01d65000 Uncommon trap: trap_request=0xffffff4d fr.pc=0x0000024e71134be8 relative=0x0000000000000048
Event: 7.914 Thread 0x0000024e01d65000 Uncommon trap: reason=unstable_if action=reinterpret pc=0x0000024e71134be8 method=java.net.URI.match(CJJ)Z @ 19 c2
Event: 7.914 Thread 0x0000024e01d65000 DEOPT PACKING pc=0x0000024e71134be8 sp=0x0000006f945fa760
Event: 7.914 Thread 0x0000024e01d65000 DEOPT UNPACKING pc=0x0000024e6968a1af sp=0x0000006f945fa6e8 mode 2
Event: 7.914 Thread 0x0000024e01d65000 Uncommon trap: trap_request=0xffffff4d fr.pc=0x0000024e71169228 relative=0x00000000000001e8
Event: 7.914 Thread 0x0000024e01d65000 Uncommon trap: reason=unstable_if action=reinterpret pc=0x0000024e71169228 method=java.net.URI.match(CJJ)Z @ 19 c2
Event: 7.914 Thread 0x0000024e01d65000 DEOPT PACKING pc=0x0000024e71169228 sp=0x0000006f945fa6c0
Event: 7.914 Thread 0x0000024e01d65000 DEOPT UNPACKING pc=0x0000024e6968a1af sp=0x0000006f945fa5c0 mode 2
Event: 7.917 Thread 0x0000024e01d65000 Uncommon trap: trap_request=0xffffff4d fr.pc=0x0000024e712190d0 relative=0x00000000000001f0
Event: 7.917 Thread 0x0000024e01d65000 Uncommon trap: reason=unstable_if action=reinterpret pc=0x0000024e712190d0 method=java.util.HashMap.putVal(ILjava/lang/Object;Ljava/lang/Object;ZZ)Ljava/lang/Object; @ 162 c2
Event: 7.917 Thread 0x0000024e01d65000 DEOPT PACKING pc=0x0000024e712190d0 sp=0x0000006f945fa450
Event: 7.917 Thread 0x0000024e01d65000 DEOPT UNPACKING pc=0x0000024e6968a1af sp=0x0000006f945fa3d0 mode 2
Event: 8.178 Thread 0x0000024e01d65000 DEOPT PACKING pc=0x0000024e6a093bf9 sp=0x0000006f945faf00
Event: 8.178 Thread 0x0000024e01d65000 DEOPT UNPACKING pc=0x0000024e6968a95e sp=0x0000006f945fa3d0 mode 0
Event: 8.186 Thread 0x0000024e01d65000 DEOPT PACKING pc=0x0000024e69c8f69b sp=0x0000006f945f98d0
Event: 8.186 Thread 0x0000024e01d65000 DEOPT UNPACKING pc=0x0000024e6968a95e sp=0x0000006f945f8e10 mode 0

Classes redefined (0 events):
No events

Internal exceptions (20 events):
Event: 8.044 Thread 0x0000024e01d65000 Exception <a 'java/lang/ClassNotFoundException'{0x000000008bce8028}: org/gradle/internal/management/DefaultDependencyResolutionManagementBeanInfo> (0x000000008bce8028) thrown at [src/hotspot/share/classfile/systemDictionary.cpp, line 230]
Event: 8.045 Thread 0x0000024e01d65000 Exception <a 'java/lang/ClassNotFoundException'{0x000000008bb23f08}: org/gradle/internal/management/DefaultDependencyResolutionManagementCustomizer> (0x000000008bb23f08) thrown at [src/hotspot/share/classfile/systemDictionary.cpp, line 230]
Event: 8.046 Thread 0x0000024e01d65000 Exception <a 'java/lang/ClassNotFoundException'{0x000000008bb74fc0}: org/gradle/internal/management/DefaultDependencyResolutionManagement_DecoratedCustomizer> (0x000000008bb74fc0) thrown at [src/hotspot/share/classfile/systemDictionary.cpp, line 230]
Event: 8.051 Thread 0x0000024e01d65000 Exception <a 'java/lang/ClassNotFoundException'{0x000000008ba03850}: org/gradle/api/initialization/resolve/RepositoriesModeBeanInfo> (0x000000008ba03850) thrown at [src/hotspot/share/classfile/systemDictionary.cpp, line 230]
Event: 8.051 Thread 0x0000024e01d65000 Exception <a 'java/lang/ClassNotFoundException'{0x000000008ba08718}: java/lang/EnumBeanInfo> (0x000000008ba08718) thrown at [src/hotspot/share/classfile/systemDictionary.cpp, line 230]
Event: 8.051 Thread 0x0000024e01d65000 Exception <a 'java/lang/ClassNotFoundException'{0x000000008ba0d600}: java/lang/EnumCustomizer> (0x000000008ba0d600) thrown at [src/hotspot/share/classfile/systemDictionary.cpp, line 230]
Event: 8.053 Thread 0x0000024e01d65000 Exception <a 'java/lang/ClassNotFoundException'{0x000000008ba3cff0}: org/gradle/api/initialization/resolve/RepositoriesModeCustomizer> (0x000000008ba3cff0) thrown at [src/hotspot/share/classfile/systemDictionary.cpp, line 230]
Event: 8.056 Thread 0x0000024e01d65000 Exception <a 'java/lang/ClassNotFoundException'{0x000000008baca9b8}: org/gradle/api/internal/provider/DefaultPropertyBeanInfo> (0x000000008baca9b8) thrown at [src/hotspot/share/classfile/systemDictionary.cpp, line 230]
Event: 8.057 Thread 0x0000024e01d65000 Exception <a 'java/lang/ClassNotFoundException'{0x000000008baf1bd0}: org/gradle/api/internal/provider/AbstractPropertyBeanInfo> (0x000000008baf1bd0) thrown at [src/hotspot/share/classfile/systemDictionary.cpp, line 230]
Event: 8.057 Thread 0x0000024e01d65000 Exception <a 'java/lang/ClassNotFoundException'{0x000000008b91bda0}: org/gradle/api/internal/provider/AbstractMinimalProviderBeanInfo> (0x000000008b91bda0) thrown at [src/hotspot/share/classfile/systemDictionary.cpp, line 230]
Event: 8.058 Thread 0x0000024e01d65000 Exception <a 'java/lang/ClassNotFoundException'{0x000000008b945da8}: org/gradle/api/internal/provider/AbstractMinimalProviderCustomizer> (0x000000008b945da8) thrown at [src/hotspot/share/classfile/systemDictionary.cpp, line 230]
Event: 8.060 Thread 0x0000024e01d65000 Exception <a 'java/lang/ClassNotFoundException'{0x000000008b9a96b0}: org/gradle/api/internal/provider/AbstractPropertyCustomizer> (0x000000008b9a96b0) thrown at [src/hotspot/share/classfile/systemDictionary.cpp, line 230]
Event: 8.060 Thread 0x0000024e01d65000 Exception <a 'java/lang/ClassNotFoundException'{0x000000008b9dcfe0}: org/gradle/api/internal/provider/DefaultPropertyCustomizer> (0x000000008b9dcfe0) thrown at [src/hotspot/share/classfile/systemDictionary.cpp, line 230]
Event: 8.066 Thread 0x0000024e01d65000 Exception <a 'java/lang/ClassNotFoundException'{0x000000008b872880}: org/gradle/initialization/DefaultProjectDescriptorBeanInfo> (0x000000008b872880) thrown at [src/hotspot/share/classfile/systemDictionary.cpp, line 230]
Event: 8.067 Thread 0x0000024e01d65000 Exception <a 'java/lang/ClassNotFoundException'{0x000000008b899a20}: org/gradle/initialization/DefaultProjectDescriptorCustomizer> (0x000000008b899a20) thrown at [src/hotspot/share/classfile/systemDictionary.cpp, line 230]
Event: 8.196 Thread 0x0000024e0387c000 Exception <a 'java/lang/NoSuchMethodError'{0x000000008fd0eaf0}: <clinit>> (0x000000008fd0eaf0) thrown at [src/hotspot/share/prims/jni.cpp, line 1367]
Event: 8.197 Thread 0x0000024e0387c000 Exception <a 'java/lang/NoSuchMethodError'{0x000000008fd101e0}: <clinit>> (0x000000008fd101e0) thrown at [src/hotspot/share/prims/jni.cpp, line 1367]
Event: 8.198 Thread 0x0000024e0387c000 Exception <a 'java/lang/NoSuchMethodError'{0x000000008ac8cc60}: <clinit>> (0x000000008ac8cc60) thrown at [src/hotspot/share/prims/jni.cpp, line 1367]
Event: 8.198 Thread 0x0000024e0387c000 Exception <a 'java/lang/NoSuchMethodError'{0x000000008ac8efe8}: <clinit>> (0x000000008ac8efe8) thrown at [src/hotspot/share/prims/jni.cpp, line 1367]
Event: 8.200 Thread 0x0000024e0387c000 Exception <a 'java/lang/NoSuchMethodError'{0x000000008ab0af80}: <clinit>> (0x000000008ab0af80) thrown at [src/hotspot/share/prims/jni.cpp, line 1367]

Events (20 events):
Event: 8.205 loading class org/gradle/model/internal/manage/schema/CompositeSchema
Event: 8.205 loading class org/gradle/model/internal/manage/schema/CompositeSchema done
Event: 8.205 loading class org/gradle/model/internal/type/ModelType$1
Event: 8.205 loading class org/gradle/model/internal/type/ModelType$1 done
Event: 8.206 loading class org/gradle/model/ModelSet
Event: 8.206 loading class org/gradle/model/ModelSet done
Event: 8.206 loading class org/gradle/model/internal/type/ParameterizedTypeWrapper
Event: 8.206 loading class org/gradle/model/internal/type/ParameterizedTypeWrapper done
Event: 8.207 loading class org/gradle/model/internal/type/WildcardTypeWrapper
Event: 8.207 loading class org/gradle/model/internal/type/WildcardTypeWrapper done
Event: 8.207 loading class org/gradle/model/internal/type/WildcardWrapper
Event: 8.207 loading class org/gradle/model/internal/type/WildcardWrapper done
Event: 8.207 loading class org/gradle/model/internal/manage/schema/extract/SpecializedMapStrategy
Event: 8.207 loading class org/gradle/model/internal/manage/schema/extract/SpecializedMapStrategy done
Event: 8.208 loading class org/gradle/model/internal/manage/schema/extract/SpecializedMapStrategy$1
Event: 8.208 loading class org/gradle/model/internal/manage/schema/extract/SpecializedMapStrategy$1 done
Event: 8.208 loading class org/gradle/model/internal/manage/schema/extract/ManagedCollectionProxyClassGenerator
Event: 8.208 loading class org/gradle/model/internal/manage/schema/extract/ManagedCollectionProxyClassGenerator done
Event: 8.209 loading class org/gradle/model/internal/manage/schema/extract/AbstractProxyClassGenerator
Event: 8.209 loading class org/gradle/model/internal/manage/schema/extract/AbstractProxyClassGenerator done


Dynamic libraries:
0x00007ff695ad0000 - 0x00007ff695ada000 	C:\Program Files\Android\Android Studio\jbr\bin\java.exe
0x00007ffe00310000 - 0x00007ffe00508000 	C:\Windows\SYSTEM32\ntdll.dll
0x00007ffdfe600000 - 0x00007ffdfe6bf000 	C:\Windows\System32\KERNEL32.DLL
0x00007ffdfdb60000 - 0x00007ffdfde32000 	C:\Windows\System32\KERNELBASE.dll
0x00007ffdfe1e0000 - 0x00007ffdfe2e0000 	C:\Windows\System32\ucrtbase.dll
0x00007ffde7d20000 - 0x00007ffde7d37000 	C:\Program Files\Android\Android Studio\jbr\bin\jli.dll
0x00007ffde6ce0000 - 0x00007ffde6cfb000 	C:\Program Files\Android\Android Studio\jbr\bin\VCRUNTIME140.dll
0x00007ffdfeeb0000 - 0x00007ffdff051000 	C:\Windows\System32\USER32.dll
0x00007ffdfe2e0000 - 0x00007ffdfe302000 	C:\Windows\System32\win32u.dll
0x00007ffdeb400000 - 0x00007ffdeb69a000 	C:\Windows\WinSxS\amd64_microsoft.windows.common-controls_6595b64144ccf1df_6.0.19041.1110_none_60b5254171f9507e\COMCTL32.dll
0x00007ffe00200000 - 0x00007ffe0022b000 	C:\Windows\System32\GDI32.dll
0x00007ffdfe560000 - 0x00007ffdfe5fe000 	C:\Windows\System32\msvcrt.dll
0x00007ffdfdee0000 - 0x00007ffdfdfef000 	C:\Windows\System32\gdi32full.dll
0x00007ffdfda10000 - 0x00007ffdfdaad000 	C:\Windows\System32\msvcp_win.dll
0x00007ffe001d0000 - 0x00007ffe00200000 	C:\Windows\System32\IMM32.DLL
0x00007ffdc2d20000 - 0x00007ffdc2dad000 	C:\Program Files\Android\Android Studio\jbr\bin\msvcp140.dll
0x00007ffde1f60000 - 0x00007ffde1f6c000 	C:\Windows\SYSTEM32\VCRUNTIME140_1.dll
0x00007ffdc2040000 - 0x00007ffdc2bfc000 	C:\Program Files\Android\Android Studio\jbr\bin\server\jvm.dll
0x00007ffdffd60000 - 0x00007ffdffe0e000 	C:\Windows\System32\ADVAPI32.dll
0x00007ffe00230000 - 0x00007ffe002cc000 	C:\Windows\System32\sechost.dll
0x00007ffe000a0000 - 0x00007ffe001c4000 	C:\Windows\System32\RPCRT4.dll
0x00007ffdfeea0000 - 0x00007ffdfeea8000 	C:\Windows\System32\PSAPI.DLL
0x00007ffdf7f90000 - 0x00007ffdf7f9a000 	C:\Windows\SYSTEM32\VERSION.dll
0x00007ffdeb710000 - 0x00007ffdeb737000 	C:\Windows\SYSTEM32\WINMM.dll
0x00007ffdf9860000 - 0x00007ffdf9869000 	C:\Windows\SYSTEM32\WSOCK32.dll
0x00007ffdffe70000 - 0x00007ffdffedb000 	C:\Windows\System32\ws2_32.DLL
0x00007ffdfc260000 - 0x00007ffdfc272000 	C:\Windows\SYSTEM32\kernel.appcore.dll
0x00007ffdf8ba0000 - 0x00007ffdf8bb0000 	C:\Program Files\Android\Android Studio\jbr\bin\verify.dll
0x00007ffdf3e20000 - 0x00007ffdf4004000 	C:\Windows\SYSTEM32\DBGHELP.DLL
0x00007ffdf3de0000 - 0x00007ffdf3e15000 	C:\Windows\SYSTEM32\dbgcore.DLL
0x00007ffdfdff0000 - 0x00007ffdfe072000 	C:\Windows\System32\bcryptPrimitives.dll
0x00007ffdf6cf0000 - 0x00007ffdf6d18000 	C:\Program Files\Android\Android Studio\jbr\bin\java.dll
0x00007ffdf7660000 - 0x00007ffdf766a000 	C:\Program Files\Android\Android Studio\jbr\bin\jimage.dll
0x00007ffdf6cd0000 - 0x00007ffdf6ce8000 	C:\Program Files\Android\Android Studio\jbr\bin\zip.dll
0x00007ffdff610000 - 0x00007ffdffd55000 	C:\Windows\System32\SHELL32.dll
0x00007ffdfbab0000 - 0x00007ffdfc242000 	C:\Windows\SYSTEM32\windows.storage.dll
0x00007ffdfe6c0000 - 0x00007ffdfea15000 	C:\Windows\System32\combase.dll
0x00007ffdfd470000 - 0x00007ffdfd4a0000 	C:\Windows\SYSTEM32\Wldp.dll
0x00007ffdff2a0000 - 0x00007ffdff34d000 	C:\Windows\System32\SHCORE.dll
0x00007ffdfe480000 - 0x00007ffdfe4d5000 	C:\Windows\System32\shlwapi.dll
0x00007ffdfd950000 - 0x00007ffdfd96f000 	C:\Windows\SYSTEM32\profapi.dll
0x00007ffdf6bf0000 - 0x00007ffdf6c09000 	C:\Program Files\Android\Android Studio\jbr\bin\net.dll
0x00007ffdf4fe0000 - 0x00007ffdf50ea000 	C:\Windows\SYSTEM32\WINHTTP.dll
0x00007ffdfd1d0000 - 0x00007ffdfd23a000 	C:\Windows\system32\mswsock.dll
0x00007ffdf6bd0000 - 0x00007ffdf6be3000 	C:\Program Files\Android\Android Studio\jbr\bin\nio.dll
0x00007ffddada0000 - 0x00007ffddadc7000 	C:\Users\GF62\.gradle\native\e1d6ef7f7dcc3fd88c89a11ec53ec762bb8ba0a96d01ffa2cd45eb1d1d8dd5c5\windows-amd64\native-platform.dll
0x00007ffdc04a0000 - 0x00007ffdc05e4000 	C:\Users\GF62\.gradle\native\0d407fdbe67a94daf76414ababcb853783967236a71b16ec16e742cd7a986fd3\windows-amd64\native-platform-file-events.dll
0x00007ffdf7100000 - 0x00007ffdf710a000 	C:\Program Files\Android\Android Studio\jbr\bin\management.dll
0x00007ffdf70c0000 - 0x00007ffdf70cb000 	C:\Program Files\Android\Android Studio\jbr\bin\management_ext.dll
0x00007ffdfd3c0000 - 0x00007ffdfd3d8000 	C:\Windows\SYSTEM32\CRYPTSP.dll
0x00007ffdfca80000 - 0x00007ffdfcab4000 	C:\Windows\system32\rsaenh.dll
0x00007ffdfdeb0000 - 0x00007ffdfded7000 	C:\Windows\System32\bcrypt.dll
0x00007ffdfd8d0000 - 0x00007ffdfd8fe000 	C:\Windows\SYSTEM32\USERENV.dll
0x00007ffdfd3e0000 - 0x00007ffdfd3ec000 	C:\Windows\SYSTEM32\CRYPTBASE.dll
0x00007ffdfce70000 - 0x00007ffdfceab000 	C:\Windows\SYSTEM32\IPHLPAPI.DLL
0x00007ffdfea20000 - 0x00007ffdfea28000 	C:\Windows\System32\NSI.dll
0x00007ffdf5b70000 - 0x00007ffdf5b87000 	C:\Windows\SYSTEM32\dhcpcsvc6.DLL
0x00007ffdf5b50000 - 0x00007ffdf5b6d000 	C:\Windows\SYSTEM32\dhcpcsvc.DLL
0x00007ffdfceb0000 - 0x00007ffdfcf7b000 	C:\Windows\SYSTEM32\DNSAPI.dll

dbghelp: loaded successfully - version: 4.0.5 - missing functions: none
symbol engine: initialized successfully - sym options: 0x614 - pdb path: .;C:\Program Files\Android\Android Studio\jbr\bin;C:\Windows\SYSTEM32;C:\Windows\WinSxS\amd64_microsoft.windows.common-controls_6595b64144ccf1df_6.0.19041.1110_none_60b5254171f9507e;C:\Program Files\Android\Android Studio\jbr\bin\server;C:\Users\GF62\.gradle\native\e1d6ef7f7dcc3fd88c89a11ec53ec762bb8ba0a96d01ffa2cd45eb1d1d8dd5c5\windows-amd64;C:\Users\GF62\.gradle\native\0d407fdbe67a94daf76414ababcb853783967236a71b16ec16e742cd7a986fd3\windows-amd64

VM Arguments:
jvm_args: --add-opens=java.base/java.util=ALL-UNNAMED --add-opens=java.base/java.lang=ALL-UNNAMED --add-opens=java.base/java.lang.invoke=ALL-UNNAMED --add-opens=java.base/java.util=ALL-UNNAMED --add-opens=java.prefs/java.util.prefs=ALL-UNNAMED --add-opens=java.prefs/java.util.prefs=ALL-UNNAMED --add-opens=java.base/java.nio.charset=ALL-UNNAMED --add-opens=java.base/java.net=ALL-UNNAMED --add-opens=java.base/java.util.concurrent.atomic=ALL-UNNAMED -Xmx2048m -Dfile.encoding=UTF-8 -Duser.country=RU -Duser.language=ru -Duser.variant 
java_command: org.gradle.launcher.daemon.bootstrap.GradleDaemon 7.5
java_class_path (initial): C:\Users\GF62\.gradle\wrapper\dists\gradle-7.5-bin\f1w0cc9nuo0eivz97x2xlu9sv\gradle-7.5\lib\gradle-launcher-7.5.jar
Launcher Type: SUN_STANDARD

[Global flags]
     intx CICompilerCount                          = 4                                         {product} {ergonomic}
     uint ConcGCThreads                            = 3                                         {product} {ergonomic}
     uint G1ConcRefinementThreads                  = 10                                        {product} {ergonomic}
   size_t G1HeapRegionSize                         = 1048576                                   {product} {ergonomic}
    uintx GCDrainStackTargetSize                   = 64                                        {product} {ergonomic}
   size_t InitialHeapSize                          = 266338304                                 {product} {ergonomic}
   size_t MarkStackSize                            = 4194304                                   {product} {ergonomic}
   size_t MaxHeapSize                              = 2147483648                                {product} {command line}
   size_t MaxNewSize                               = 1287651328                                {product} {ergonomic}
   size_t MinHeapDeltaBytes                        = 1048576                                   {product} {ergonomic}
    uintx NonNMethodCodeHeapSize                   = 5836300                                {pd product} {ergonomic}
    uintx NonProfiledCodeHeapSize                  = 122910970                              {pd product} {ergonomic}
    uintx ProfiledCodeHeapSize                     = 122910970                              {pd product} {ergonomic}
    uintx ReservedCodeCacheSize                    = 251658240                              {pd product} {ergonomic}
     bool SegmentedCodeCache                       = true                                      {product} {ergonomic}
     bool UseCompressedClassPointers               = true                                 {lp64_product} {ergonomic}
     bool UseCompressedOops                        = true                                 {lp64_product} {ergonomic}
     bool UseG1GC                                  = true                                      {product} {ergonomic}
     bool UseLargePagesIndividualAllocation        = false                                  {pd product} {ergonomic}

Logging:
Log output configuration:
 #0: stdout all=warning uptime,level,tags
 #1: stderr all=off uptime,level,tags

Environment Variables:
JAVA_HOME=C:\Program Files\Java\jdk1.8.0_341
PATH=C:\Program Files (x86)\Common Files\Oracle\Java\javapath;C:\Windows\system32;C:\Windows;C:\Windows\System32\Wbem;C:\Windows\System32\WindowsPowerShell\v1.0\;C:\Windows\System32\OpenSSH\;C:\Program Files\Git\cmd;C:\Program Files (x86)\dotnet\;C:\Program Files\dotnet\;C:\Program Files\Java\jdk1.8.0_341\bin;C:\Program Files\Graphviz\bin;";C:\Program Files\OpenSSL-Win64\bin";C:\Program Files\OpenSSL-Win64\bin;C:\Users\GF62\AppData\Local\Microsoft\WindowsApps\pip.exe;C:\Program Files\php-8.2.3\php-8.2.3-Win32-vs16-x64;C:\Users\GF62\AppData\Local\Microsoft\WindowsApps;C:\Program Files\JetBrains\PyCharm Community Edition 2021.3.2\bin;C:\Program Files\JetBrains\JetBrains Rider 2021.3.3\bin;C:\Users\GF62\AppData\Local\gitkraken\bin;C:\Users\GF62\AppData\Local\Programs\Python\Python310\Scripts;C:\Users\GF62\AppData\Local\Programs\Microsoft VS Code\bin;C:\Program Files\php-8.2.3\php-8.2.3-Win32-vs16-x64;
USERNAME=GF62
OS=Windows_NT
PROCESSOR_IDENTIFIER=Intel64 Family 6 Model 158 Stepping 10, GenuineIntel



---------------  S Y S T E M  ---------------

OS: Windows 10 , 64 bit Build 19041 (10.0.19041.2546)
OS uptime: 1 days 10:41 hours

CPU:total 12 (initial active 12) (6 cores per cpu, 2 threads per core) family 6 model 158 stepping 10 microcode 0xb4, cmov, cx8, fxsr, mmx, sse, sse2, sse3, ssse3, sse4.1, sse4.2, popcnt, avx, avx2, aes, clmul, erms, 3dnowpref, lzcnt, ht, tsc, tscinvbit, bmi1, bmi2, adx, fma

Memory: 4k page, system-wide physical 16228M (449M free)
TotalPageFile size 26068M (AvailPageFile size 125M)
current process WorkingSet (physical memory assigned to process): 288M, peak: 288M
current process commit charge ("private bytes"): 451M, peak: 451M

vm_info: OpenJDK 64-Bit Server VM (11.0.15+0-b2043.56-8887301) for windows-amd64 JRE (11.0.15+0-b2043.56-8887301), built on Jul 29 2022 23:19:47 by "builduser" with unknown MS VC++:1929

END.
