#
# There is insufficient memory for the Java Runtime Environment to continue.
# Native memory allocation (malloc) failed to allocate 1300976 bytes for Chunk::new
# Possible reasons:
#   The system is out of physical RAM or swap space
#   The process is running with CompressedOops enabled, and the Java Heap may be blocking the growth of the native heap
# Possible solutions:
#   Reduce memory load on the system
#   Increase physical memory or swap space
#   Check if swap backing store is full
#   Decrease Java heap size (-Xmx/-Xms)
#   Decrease number of Java threads
#   Decrease Java thread stack sizes (-Xss)
#   Set larger code cache with -XX:ReservedCodeCacheSize=
#   JVM is running with Unscaled Compressed Oops mode in which the Java heap is
#     placed in the first 4GB address space. The Java Heap base address is the
#     maximum limit for the native heap growth. Please use -XX:HeapBaseMinAddress
#     to set the Java Heap base and to place the Java Heap above 4GB virtual address.
# This output file may be truncated or incomplete.
#
#  Out of Memory Error (src/hotspot/share/memory/arena.cpp:197), pid=14788, tid=1504
#
# JRE version: OpenJDK Runtime Environment (11.0.15) (build 11.0.15+0-b2043.56-8887301)
# Java VM: OpenJDK 64-Bit Server VM (11.0.15+0-b2043.56-8887301, mixed mode, tiered, compressed oops, g1 gc, windows-amd64)
# No core dump will be written. Minidumps are not enabled by default on client versions of Windows
#

---------------  S U M M A R Y ------------

Command Line: --add-opens=java.base/java.util=ALL-UNNAMED --add-opens=java.base/java.lang=ALL-UNNAMED --add-opens=java.base/java.lang.invoke=ALL-UNNAMED --add-opens=java.base/java.util=ALL-UNNAMED --add-opens=java.prefs/java.util.prefs=ALL-UNNAMED --add-opens=java.prefs/java.util.prefs=ALL-UNNAMED --add-opens=java.base/java.nio.charset=ALL-UNNAMED --add-opens=java.base/java.net=ALL-UNNAMED --add-opens=java.base/java.util.concurrent.atomic=ALL-UNNAMED -Xmx2048m -Dfile.encoding=UTF-8 -Duser.country=RU -Duser.language=ru -Duser.variant org.gradle.launcher.daemon.bootstrap.GradleDaemon 7.5

Host: Intel(R) Core(TM) i7-8750H CPU @ 2.20GHz, 12 cores, 15G,  Windows 10 , 64 bit Build 19041 (10.0.19041.2546)
Time: Mon Mar 20 13:52:35 2023 RTZ 2 (s 10 , 64 bit Build 19041 (10.0.19041.2546) elapsed time: 2.706985 seconds (0d 0h 0m 2s)

---------------  T H R E A D  ---------------

Current thread (0x0000019a17b5f000):  JavaThread "C2 CompilerThread1" daemon [_thread_in_native, id=1504, stack(0x00000031b0100000,0x00000031b0200000)]


Current CompileTask:
C2:   2707 2119   !   4       java.net.URLClassLoader$1::run (81 bytes)

Stack: [0x00000031b0100000,0x00000031b0200000]
Native frames: (J=compiled Java code, j=interpreted, Vv=VM code, C=native code)
V  [jvm.dll+0x64135a]
V  [jvm.dll+0x7d39f9]
V  [jvm.dll+0x7d51b9]
V  [jvm.dll+0x7d58a3]
V  [jvm.dll+0x2691c5]
V  [jvm.dll+0xc1a5c]
V  [jvm.dll+0xc200c]
V  [jvm.dll+0x3774a7]
V  [jvm.dll+0x1b3732]
V  [jvm.dll+0x22163e]
V  [jvm.dll+0x220498]
V  [jvm.dll+0x19e851]
V  [jvm.dll+0x230479]
V  [jvm.dll+0x22e5ef]
V  [jvm.dll+0x794de1]
V  [jvm.dll+0x78dc24]
V  [jvm.dll+0x6400f6]
C  [ucrtbase.dll+0x21bb2]
C  [KERNEL32.DLL+0x17614]
C  [ntdll.dll+0x526a1]


---------------  P R O C E S S  ---------------

Threads class SMR info:
_java_thread_list=0x0000019a17b1ecc0, length=28, elements={
0x0000019a798b4000, 0x0000019a7f1c1000, 0x0000019a7f1cc000, 0x0000019a7faaa800,
0x0000019a7faab800, 0x0000019a7faae800, 0x0000019a7fab0800, 0x0000019a7fab4800,
0x0000019a7fab7800, 0x0000019a7fc29000, 0x0000019a16dab000, 0x0000019a7fcc6000,
0x0000019a16615800, 0x0000019a165ed800, 0x0000019a165d4800, 0x0000019a16253000,
0x0000019a17804800, 0x0000019a16fb8800, 0x0000019a173f1800, 0x0000019a16e37800,
0x0000019a16e38000, 0x0000019a16e39000, 0x0000019a16e3a000, 0x0000019a17b5f000,
0x0000019a16e35800, 0x0000019a16e3a800, 0x0000019a16e3b800, 0x0000019a16e3c000
}

Java Threads: ( => current thread )
  0x0000019a798b4000 JavaThread "main" [_thread_blocked, id=18784, stack(0x00000031ad800000,0x00000031ad900000)]
  0x0000019a7f1c1000 JavaThread "Reference Handler" daemon [_thread_blocked, id=18712, stack(0x00000031adf00000,0x00000031ae000000)]
  0x0000019a7f1cc000 JavaThread "Finalizer" daemon [_thread_blocked, id=15792, stack(0x00000031ae000000,0x00000031ae100000)]
  0x0000019a7faaa800 JavaThread "Signal Dispatcher" daemon [_thread_blocked, id=16968, stack(0x00000031ae100000,0x00000031ae200000)]
  0x0000019a7faab800 JavaThread "Attach Listener" daemon [_thread_blocked, id=14132, stack(0x00000031ae200000,0x00000031ae300000)]
  0x0000019a7faae800 JavaThread "Service Thread" daemon [_thread_blocked, id=19540, stack(0x00000031ae300000,0x00000031ae400000)]
  0x0000019a7fab0800 JavaThread "C2 CompilerThread0" daemon [_thread_in_native, id=13396, stack(0x00000031ae400000,0x00000031ae500000)]
  0x0000019a7fab4800 JavaThread "C1 CompilerThread0" daemon [_thread_blocked, id=13068, stack(0x00000031ae500000,0x00000031ae600000)]
  0x0000019a7fab7800 JavaThread "Sweeper thread" daemon [_thread_blocked, id=9560, stack(0x00000031ae600000,0x00000031ae700000)]
  0x0000019a7fc29000 JavaThread "Common-Cleaner" daemon [_thread_blocked, id=16664, stack(0x00000031ae700000,0x00000031ae800000)]
  0x0000019a16dab000 JavaThread "Daemon health stats" [_thread_blocked, id=15696, stack(0x00000031aef00000,0x00000031af000000)]
  0x0000019a7fcc6000 JavaThread "Incoming local TCP Connector on port 57213" [_thread_in_native, id=11420, stack(0x00000031ae900000,0x00000031aea00000)]
  0x0000019a16615800 JavaThread "Daemon periodic checks" [_thread_blocked, id=12168, stack(0x00000031af000000,0x00000031af100000)]
  0x0000019a165ed800 JavaThread "Daemon" [_thread_blocked, id=1468, stack(0x00000031af100000,0x00000031af200000)]
  0x0000019a165d4800 JavaThread "Handler for socket connection from /127.0.0.1:57213 to /127.0.0.1:57214" [_thread_in_native, id=1180, stack(0x00000031af200000,0x00000031af300000)]
  0x0000019a16253000 JavaThread "Cancel handler" [_thread_blocked, id=15488, stack(0x00000031af300000,0x00000031af400000)]
  0x0000019a17804800 JavaThread "Daemon worker" [_thread_in_vm, id=14888, stack(0x00000031af400000,0x00000031af500000)]
  0x0000019a16fb8800 JavaThread "Asynchronous log dispatcher for DefaultDaemonConnection: socket connection from /127.0.0.1:57213 to /127.0.0.1:57214" [_thread_blocked, id=7364, stack(0x00000031af500000,0x00000031af600000)]
  0x0000019a173f1800 JavaThread "Stdin handler" [_thread_blocked, id=6828, stack(0x00000031af600000,0x00000031af700000)]
  0x0000019a16e37800 JavaThread "Daemon client event forwarder" [_thread_blocked, id=14576, stack(0x00000031af700000,0x00000031af800000)]
  0x0000019a16e38000 JavaThread "Cache worker for journal cache (C:\Users\GF62\.gradle\caches\journal-1)" [_thread_blocked, id=14688, stack(0x00000031af800000,0x00000031af900000)]
  0x0000019a16e39000 JavaThread "File lock request listener" [_thread_in_native, id=9940, stack(0x00000031af900000,0x00000031afa00000)]
  0x0000019a16e3a000 JavaThread "Cache worker for file hash cache (C:\Users\GF62\.gradle\caches\7.5\fileHashes)" [_thread_blocked, id=11748, stack(0x00000031afa00000,0x00000031afb00000)]
=>0x0000019a17b5f000 JavaThread "C2 CompilerThread1" daemon [_thread_in_native, id=1504, stack(0x00000031b0100000,0x00000031b0200000)]
  0x0000019a16e35800 JavaThread "File watcher server" daemon [_thread_in_native, id=15320, stack(0x00000031b0200000,0x00000031b0300000)]
  0x0000019a16e3a800 JavaThread "File watcher consumer" daemon [_thread_blocked, id=19160, stack(0x00000031b0300000,0x00000031b0400000)]
  0x0000019a16e3b800 JavaThread "Cache worker for checksums cache (E:\Working\Android dev\practice22\.gradle\7.5\checksums)" [_thread_blocked, id=15168, stack(0x00000031b0400000,0x00000031b0500000)]
  0x0000019a16e3c000 JavaThread "Cache worker for cache directory md-rule (C:\Users\GF62\.gradle\caches\7.5\md-rule)" [_thread_blocked, id=10580, stack(0x00000031b0500000,0x00000031b0600000)]

Other Threads:
  0x0000019a7f1bd000 VMThread "VM Thread" [stack: 0x00000031ade00000,0x00000031adf00000] [id=2016]
  0x0000019a7fc37800 WatcherThread [stack: 0x00000031ae800000,0x00000031ae900000] [id=4604]
  0x0000019a798cd800 GCTaskThread "GC Thread#0" [stack: 0x00000031ad900000,0x00000031ada00000] [id=16324]
  0x0000019a15b57000 GCTaskThread "GC Thread#1" [stack: 0x00000031aea00000,0x00000031aeb00000] [id=5040]
  0x0000019a151e3000 GCTaskThread "GC Thread#2" [stack: 0x00000031aeb00000,0x00000031aec00000] [id=15012]
  0x0000019a15374800 GCTaskThread "GC Thread#3" [stack: 0x00000031aec00000,0x00000031aed00000] [id=5392]
  0x0000019a15535000 GCTaskThread "GC Thread#4" [stack: 0x00000031aed00000,0x00000031aee00000] [id=19776]
  0x0000019a159bb000 GCTaskThread "GC Thread#5" [stack: 0x00000031aee00000,0x00000031aef00000] [id=15264]
  0x0000019a1782d800 GCTaskThread "GC Thread#6" [stack: 0x00000031afb00000,0x00000031afc00000] [id=20320]
  0x0000019a17d3b000 GCTaskThread "GC Thread#7" [stack: 0x00000031afc00000,0x00000031afd00000] [id=17028]
  0x0000019a167be800 GCTaskThread "GC Thread#8" [stack: 0x00000031afd00000,0x00000031afe00000] [id=13988]
  0x0000019a151f2000 GCTaskThread "GC Thread#9" [stack: 0x00000031afe00000,0x00000031aff00000] [id=2600]
  0x0000019a798ff800 ConcurrentGCThread "G1 Main Marker" [stack: 0x00000031ada00000,0x00000031adb00000] [id=15204]
  0x0000019a79901800 ConcurrentGCThread "G1 Conc#0" [stack: 0x00000031adb00000,0x00000031adc00000] [id=16108]
  0x0000019a154e7000 ConcurrentGCThread "G1 Conc#1" [stack: 0x00000031aff00000,0x00000031b0000000] [id=12380]
  0x0000019a16fcc800 ConcurrentGCThread "G1 Conc#2" [stack: 0x00000031b0000000,0x00000031b0100000] [id=13668]
  0x0000019a7f08d000 ConcurrentGCThread "G1 Refine#0" [stack: 0x00000031adc00000,0x00000031add00000] [id=19960]
  0x0000019a7f08e000 ConcurrentGCThread "G1 Young RemSet Sampling" [stack: 0x00000031add00000,0x00000031ade00000] [id=17008]

Threads with active compile tasks:
C2 CompilerThread0     2740 2118       4       java.net.URLClassLoader$1::run (5 bytes)
C2 CompilerThread1     2740 2119   !   4       java.net.URLClassLoader$1::run (81 bytes)

VM state:not at safepoint (normal execution)

VM Mutex/Monitor currently owned by a thread: None

Heap address: 0x0000000080000000, size: 2048 MB, Compressed Oops mode: 32-bit
Narrow klass base: 0x0000000000000000, Narrow klass shift: 3
Compressed class space size: 1073741824 Address: 0x0000000100000000

Heap:
 garbage-first heap   total 260096K, used 54867K [0x0000000080000000, 0x0000000100000000)
  region size 1024K, 38 young (38912K), 2 survivors (2048K)
 Metaspace       used 28008K, capacity 28714K, committed 29052K, reserved 1075200K
  class space    used 3681K, capacity 3951K, committed 4044K, reserved 1048576K
Heap Regions: E=young(eden), S=young(survivor), O=old, HS=humongous(starts), HC=humongous(continues), CS=collection set, F=free, A=archive, TAMS=top-at-mark-start (previous, next)
|   0|0x0000000080000000, 0x0000000080100000, 0x0000000080100000|100%| O|  |TAMS 0x0000000080000000, 0x0000000080000000| Untracked 
|   1|0x0000000080100000, 0x0000000080200000, 0x0000000080200000|100%| O|  |TAMS 0x0000000080100000, 0x0000000080100000| Untracked 
|   2|0x0000000080200000, 0x0000000080300000, 0x0000000080300000|100%| O|  |TAMS 0x0000000080200000, 0x0000000080200000| Untracked 
|   3|0x0000000080300000, 0x0000000080400000, 0x0000000080400000|100%|HS|  |TAMS 0x0000000080400000, 0x0000000080300000| Complete 
|   4|0x0000000080400000, 0x0000000080500000, 0x0000000080500000|100%|HC|  |TAMS 0x0000000080500000, 0x0000000080400000| Complete 
|   5|0x0000000080500000, 0x0000000080600000, 0x0000000080600000|100%|HC|  |TAMS 0x0000000080600000, 0x0000000080500000| Complete 
|   6|0x0000000080600000, 0x0000000080700000, 0x0000000080700000|100%| O|  |TAMS 0x0000000080700000, 0x0000000080600000| Untracked 
|   7|0x0000000080700000, 0x0000000080800000, 0x0000000080800000|100%| O|  |TAMS 0x0000000080800000, 0x0000000080700000| Untracked 
|   8|0x0000000080800000, 0x0000000080900000, 0x0000000080900000|100%| O|  |TAMS 0x0000000080900000, 0x0000000080800000| Untracked 
|   9|0x0000000080900000, 0x0000000080a00000, 0x0000000080a00000|100%| O|  |TAMS 0x000000008096f400, 0x0000000080900000| Untracked 
|  10|0x0000000080a00000, 0x0000000080b00000, 0x0000000080b00000|100%| O|  |TAMS 0x0000000080a00000, 0x0000000080a00000| Untracked 
|  11|0x0000000080b00000, 0x0000000080c00000, 0x0000000080c00000|100%| O|  |TAMS 0x0000000080b00000, 0x0000000080b00000| Untracked 
|  12|0x0000000080c00000, 0x0000000080d00000, 0x0000000080d00000|100%| O|  |TAMS 0x0000000080c00000, 0x0000000080c00000| Untracked 
|  13|0x0000000080d00000, 0x0000000080e00000, 0x0000000080e00000|100%| O|  |TAMS 0x0000000080d00000, 0x0000000080d00000| Untracked 
|  14|0x0000000080e00000, 0x0000000080f00000, 0x0000000080f00000|100%| O|  |TAMS 0x0000000080e00000, 0x0000000080e00000| Untracked 
|  15|0x0000000080f00000, 0x0000000081000000, 0x0000000081000000|100%| O|  |TAMS 0x0000000080f00000, 0x0000000080f00000| Untracked 
|  16|0x0000000081000000, 0x00000000810dc600, 0x0000000081100000| 86%| O|  |TAMS 0x0000000081000000, 0x0000000081000000| Untracked 
|  17|0x0000000081100000, 0x0000000081100000, 0x0000000081200000|  0%| F|  |TAMS 0x0000000081100000, 0x0000000081100000| Untracked 
|  18|0x0000000081200000, 0x0000000081200000, 0x0000000081300000|  0%| F|  |TAMS 0x0000000081200000, 0x0000000081200000| Untracked 
|  19|0x0000000081300000, 0x0000000081300000, 0x0000000081400000|  0%| F|  |TAMS 0x0000000081300000, 0x0000000081300000| Untracked 
|  20|0x0000000081400000, 0x0000000081400000, 0x0000000081500000|  0%| F|  |TAMS 0x0000000081400000, 0x0000000081400000| Untracked 
|  21|0x0000000081500000, 0x0000000081500000, 0x0000000081600000|  0%| F|  |TAMS 0x0000000081500000, 0x0000000081500000| Untracked 
|  22|0x0000000081600000, 0x0000000081600000, 0x0000000081700000|  0%| F|  |TAMS 0x0000000081600000, 0x0000000081600000| Untracked 
|  23|0x0000000081700000, 0x0000000081700000, 0x0000000081800000|  0%| F|  |TAMS 0x0000000081700000, 0x0000000081700000| Untracked 
|  24|0x0000000081800000, 0x0000000081800000, 0x0000000081900000|  0%| F|  |TAMS 0x0000000081800000, 0x0000000081800000| Untracked 
|  25|0x0000000081900000, 0x0000000081900000, 0x0000000081a00000|  0%| F|  |TAMS 0x0000000081900000, 0x0000000081900000| Untracked 
|  26|0x0000000081a00000, 0x0000000081a00000, 0x0000000081b00000|  0%| F|  |TAMS 0x0000000081a00000, 0x0000000081a00000| Untracked 
|  27|0x0000000081b00000, 0x0000000081b00000, 0x0000000081c00000|  0%| F|  |TAMS 0x0000000081b00000, 0x0000000081b00000| Untracked 
|  28|0x0000000081c00000, 0x0000000081c00000, 0x0000000081d00000|  0%| F|  |TAMS 0x0000000081c00000, 0x0000000081c00000| Untracked 
|  29|0x0000000081d00000, 0x0000000081d00000, 0x0000000081e00000|  0%| F|  |TAMS 0x0000000081d00000, 0x0000000081d00000| Untracked 
|  30|0x0000000081e00000, 0x0000000081e00000, 0x0000000081f00000|  0%| F|  |TAMS 0x0000000081e00000, 0x0000000081e00000| Untracked 
|  31|0x0000000081f00000, 0x0000000081f00000, 0x0000000082000000|  0%| F|  |TAMS 0x0000000081f00000, 0x0000000081f00000| Untracked 
|  32|0x0000000082000000, 0x0000000082000000, 0x0000000082100000|  0%| F|  |TAMS 0x0000000082000000, 0x0000000082000000| Untracked 
|  33|0x0000000082100000, 0x0000000082100000, 0x0000000082200000|  0%| F|  |TAMS 0x0000000082100000, 0x0000000082100000| Untracked 
|  34|0x0000000082200000, 0x0000000082200000, 0x0000000082300000|  0%| F|  |TAMS 0x0000000082200000, 0x0000000082200000| Untracked 
|  35|0x0000000082300000, 0x0000000082300000, 0x0000000082400000|  0%| F|  |TAMS 0x0000000082300000, 0x0000000082300000| Untracked 
|  36|0x0000000082400000, 0x0000000082400000, 0x0000000082500000|  0%| F|  |TAMS 0x0000000082400000, 0x0000000082400000| Untracked 
|  37|0x0000000082500000, 0x0000000082500000, 0x0000000082600000|  0%| F|  |TAMS 0x0000000082500000, 0x0000000082500000| Untracked 
|  38|0x0000000082600000, 0x0000000082600000, 0x0000000082700000|  0%| F|  |TAMS 0x0000000082600000, 0x0000000082600000| Untracked 
|  39|0x0000000082700000, 0x0000000082700000, 0x0000000082800000|  0%| F|  |TAMS 0x0000000082700000, 0x0000000082700000| Untracked 
|  40|0x0000000082800000, 0x0000000082800000, 0x0000000082900000|  0%| F|  |TAMS 0x0000000082800000, 0x0000000082800000| Untracked 
|  41|0x0000000082900000, 0x0000000082900000, 0x0000000082a00000|  0%| F|  |TAMS 0x0000000082900000, 0x0000000082900000| Untracked 
|  42|0x0000000082a00000, 0x0000000082a00000, 0x0000000082b00000|  0%| F|  |TAMS 0x0000000082a00000, 0x0000000082a00000| Untracked 
|  43|0x0000000082b00000, 0x0000000082b00000, 0x0000000082c00000|  0%| F|  |TAMS 0x0000000082b00000, 0x0000000082b00000| Untracked 
|  44|0x0000000082c00000, 0x0000000082c00000, 0x0000000082d00000|  0%| F|  |TAMS 0x0000000082c00000, 0x0000000082c00000| Untracked 
|  45|0x0000000082d00000, 0x0000000082d00000, 0x0000000082e00000|  0%| F|  |TAMS 0x0000000082d00000, 0x0000000082d00000| Untracked 
|  46|0x0000000082e00000, 0x0000000082e00000, 0x0000000082f00000|  0%| F|  |TAMS 0x0000000082e00000, 0x0000000082e00000| Untracked 
|  47|0x0000000082f00000, 0x0000000082f00000, 0x0000000083000000|  0%| F|  |TAMS 0x0000000082f00000, 0x0000000082f00000| Untracked 
|  48|0x0000000083000000, 0x0000000083000000, 0x0000000083100000|  0%| F|  |TAMS 0x0000000083000000, 0x0000000083000000| Untracked 
|  49|0x0000000083100000, 0x0000000083100000, 0x0000000083200000|  0%| F|  |TAMS 0x0000000083100000, 0x0000000083100000| Untracked 
|  50|0x0000000083200000, 0x0000000083200000, 0x0000000083300000|  0%| F|  |TAMS 0x0000000083200000, 0x0000000083200000| Untracked 
|  51|0x0000000083300000, 0x0000000083300000, 0x0000000083400000|  0%| F|  |TAMS 0x0000000083300000, 0x0000000083300000| Untracked 
|  52|0x0000000083400000, 0x0000000083400000, 0x0000000083500000|  0%| F|  |TAMS 0x0000000083400000, 0x0000000083400000| Untracked 
|  53|0x0000000083500000, 0x0000000083500000, 0x0000000083600000|  0%| F|  |TAMS 0x0000000083500000, 0x0000000083500000| Untracked 
|  54|0x0000000083600000, 0x0000000083600000, 0x0000000083700000|  0%| F|  |TAMS 0x0000000083600000, 0x0000000083600000| Untracked 
|  55|0x0000000083700000, 0x0000000083700000, 0x0000000083800000|  0%| F|  |TAMS 0x0000000083700000, 0x0000000083700000| Untracked 
|  56|0x0000000083800000, 0x0000000083800000, 0x0000000083900000|  0%| F|  |TAMS 0x0000000083800000, 0x0000000083800000| Untracked 
|  57|0x0000000083900000, 0x0000000083900000, 0x0000000083a00000|  0%| F|  |TAMS 0x0000000083900000, 0x0000000083900000| Untracked 
|  58|0x0000000083a00000, 0x0000000083a00000, 0x0000000083b00000|  0%| F|  |TAMS 0x0000000083a00000, 0x0000000083a00000| Untracked 
|  59|0x0000000083b00000, 0x0000000083b00000, 0x0000000083c00000|  0%| F|  |TAMS 0x0000000083b00000, 0x0000000083b00000| Untracked 
|  60|0x0000000083c00000, 0x0000000083c00000, 0x0000000083d00000|  0%| F|  |TAMS 0x0000000083c00000, 0x0000000083c00000| Untracked 
|  61|0x0000000083d00000, 0x0000000083d00000, 0x0000000083e00000|  0%| F|  |TAMS 0x0000000083d00000, 0x0000000083d00000| Untracked 
|  62|0x0000000083e00000, 0x0000000083e00000, 0x0000000083f00000|  0%| F|  |TAMS 0x0000000083e00000, 0x0000000083e00000| Untracked 
|  63|0x0000000083f00000, 0x0000000083f00000, 0x0000000084000000|  0%| F|  |TAMS 0x0000000083f00000, 0x0000000083f00000| Untracked 
|  64|0x0000000084000000, 0x0000000084000000, 0x0000000084100000|  0%| F|  |TAMS 0x0000000084000000, 0x0000000084000000| Untracked 
|  65|0x0000000084100000, 0x0000000084100000, 0x0000000084200000|  0%| F|  |TAMS 0x0000000084100000, 0x0000000084100000| Untracked 
|  66|0x0000000084200000, 0x0000000084200000, 0x0000000084300000|  0%| F|  |TAMS 0x0000000084200000, 0x0000000084200000| Untracked 
|  67|0x0000000084300000, 0x0000000084300000, 0x0000000084400000|  0%| F|  |TAMS 0x0000000084300000, 0x0000000084300000| Untracked 
|  68|0x0000000084400000, 0x0000000084400000, 0x0000000084500000|  0%| F|  |TAMS 0x0000000084400000, 0x0000000084400000| Untracked 
|  69|0x0000000084500000, 0x0000000084500000, 0x0000000084600000|  0%| F|  |TAMS 0x0000000084500000, 0x0000000084500000| Untracked 
|  70|0x0000000084600000, 0x0000000084600000, 0x0000000084700000|  0%| F|  |TAMS 0x0000000084600000, 0x0000000084600000| Untracked 
|  71|0x0000000084700000, 0x0000000084700000, 0x0000000084800000|  0%| F|  |TAMS 0x0000000084700000, 0x0000000084700000| Untracked 
|  72|0x0000000084800000, 0x0000000084800000, 0x0000000084900000|  0%| F|  |TAMS 0x0000000084800000, 0x0000000084800000| Untracked 
|  73|0x0000000084900000, 0x0000000084900000, 0x0000000084a00000|  0%| F|  |TAMS 0x0000000084900000, 0x0000000084900000| Untracked 
|  74|0x0000000084a00000, 0x0000000084a00000, 0x0000000084b00000|  0%| F|  |TAMS 0x0000000084a00000, 0x0000000084a00000| Untracked 
|  75|0x0000000084b00000, 0x0000000084b00000, 0x0000000084c00000|  0%| F|  |TAMS 0x0000000084b00000, 0x0000000084b00000| Untracked 
|  76|0x0000000084c00000, 0x0000000084c00000, 0x0000000084d00000|  0%| F|  |TAMS 0x0000000084c00000, 0x0000000084c00000| Untracked 
|  77|0x0000000084d00000, 0x0000000084d00000, 0x0000000084e00000|  0%| F|  |TAMS 0x0000000084d00000, 0x0000000084d00000| Untracked 
|  78|0x0000000084e00000, 0x0000000084e00000, 0x0000000084f00000|  0%| F|  |TAMS 0x0000000084e00000, 0x0000000084e00000| Untracked 
|  79|0x0000000084f00000, 0x0000000084f00000, 0x0000000085000000|  0%| F|  |TAMS 0x0000000084f00000, 0x0000000084f00000| Untracked 
|  80|0x0000000085000000, 0x0000000085000000, 0x0000000085100000|  0%| F|  |TAMS 0x0000000085000000, 0x0000000085000000| Untracked 
|  81|0x0000000085100000, 0x0000000085100000, 0x0000000085200000|  0%| F|  |TAMS 0x0000000085100000, 0x0000000085100000| Untracked 
|  82|0x0000000085200000, 0x0000000085200000, 0x0000000085300000|  0%| F|  |TAMS 0x0000000085200000, 0x0000000085200000| Untracked 
|  83|0x0000000085300000, 0x0000000085300000, 0x0000000085400000|  0%| F|  |TAMS 0x0000000085300000, 0x0000000085300000| Untracked 
|  84|0x0000000085400000, 0x0000000085400000, 0x0000000085500000|  0%| F|  |TAMS 0x0000000085400000, 0x0000000085400000| Untracked 
|  85|0x0000000085500000, 0x0000000085500000, 0x0000000085600000|  0%| F|  |TAMS 0x0000000085500000, 0x0000000085500000| Untracked 
|  86|0x0000000085600000, 0x0000000085600000, 0x0000000085700000|  0%| F|  |TAMS 0x0000000085600000, 0x0000000085600000| Untracked 
|  87|0x0000000085700000, 0x0000000085700000, 0x0000000085800000|  0%| F|  |TAMS 0x0000000085700000, 0x0000000085700000| Untracked 
|  88|0x0000000085800000, 0x0000000085800000, 0x0000000085900000|  0%| F|  |TAMS 0x0000000085800000, 0x0000000085800000| Untracked 
|  89|0x0000000085900000, 0x0000000085900000, 0x0000000085a00000|  0%| F|  |TAMS 0x0000000085900000, 0x0000000085900000| Untracked 
|  90|0x0000000085a00000, 0x0000000085a00000, 0x0000000085b00000|  0%| F|  |TAMS 0x0000000085a00000, 0x0000000085a00000| Untracked 
|  91|0x0000000085b00000, 0x0000000085b00000, 0x0000000085c00000|  0%| F|  |TAMS 0x0000000085b00000, 0x0000000085b00000| Untracked 
|  92|0x0000000085c00000, 0x0000000085c00000, 0x0000000085d00000|  0%| F|  |TAMS 0x0000000085c00000, 0x0000000085c00000| Untracked 
|  93|0x0000000085d00000, 0x0000000085d00000, 0x0000000085e00000|  0%| F|  |TAMS 0x0000000085d00000, 0x0000000085d00000| Untracked 
|  94|0x0000000085e00000, 0x0000000085e00000, 0x0000000085f00000|  0%| F|  |TAMS 0x0000000085e00000, 0x0000000085e00000| Untracked 
|  95|0x0000000085f00000, 0x0000000085f00000, 0x0000000086000000|  0%| F|  |TAMS 0x0000000085f00000, 0x0000000085f00000| Untracked 
|  96|0x0000000086000000, 0x0000000086000000, 0x0000000086100000|  0%| F|  |TAMS 0x0000000086000000, 0x0000000086000000| Untracked 
|  97|0x0000000086100000, 0x0000000086100000, 0x0000000086200000|  0%| F|  |TAMS 0x0000000086100000, 0x0000000086100000| Untracked 
|  98|0x0000000086200000, 0x0000000086200000, 0x0000000086300000|  0%| F|  |TAMS 0x0000000086200000, 0x0000000086200000| Untracked 
|  99|0x0000000086300000, 0x0000000086300000, 0x0000000086400000|  0%| F|  |TAMS 0x0000000086300000, 0x0000000086300000| Untracked 
| 100|0x0000000086400000, 0x0000000086400000, 0x0000000086500000|  0%| F|  |TAMS 0x0000000086400000, 0x0000000086400000| Untracked 
| 101|0x0000000086500000, 0x0000000086500000, 0x0000000086600000|  0%| F|  |TAMS 0x0000000086500000, 0x0000000086500000| Untracked 
| 102|0x0000000086600000, 0x0000000086600000, 0x0000000086700000|  0%| F|  |TAMS 0x0000000086600000, 0x0000000086600000| Untracked 
| 103|0x0000000086700000, 0x0000000086700000, 0x0000000086800000|  0%| F|  |TAMS 0x0000000086700000, 0x0000000086700000| Untracked 
| 104|0x0000000086800000, 0x0000000086800000, 0x0000000086900000|  0%| F|  |TAMS 0x0000000086800000, 0x0000000086800000| Untracked 
| 105|0x0000000086900000, 0x0000000086900000, 0x0000000086a00000|  0%| F|  |TAMS 0x0000000086900000, 0x0000000086900000| Untracked 
| 106|0x0000000086a00000, 0x0000000086a00000, 0x0000000086b00000|  0%| F|  |TAMS 0x0000000086a00000, 0x0000000086a00000| Untracked 
| 107|0x0000000086b00000, 0x0000000086b00000, 0x0000000086c00000|  0%| F|  |TAMS 0x0000000086b00000, 0x0000000086b00000| Untracked 
| 108|0x0000000086c00000, 0x0000000086c00000, 0x0000000086d00000|  0%| F|  |TAMS 0x0000000086c00000, 0x0000000086c00000| Untracked 
| 109|0x0000000086d00000, 0x0000000086d00000, 0x0000000086e00000|  0%| F|  |TAMS 0x0000000086d00000, 0x0000000086d00000| Untracked 
| 110|0x0000000086e00000, 0x0000000086e00000, 0x0000000086f00000|  0%| F|  |TAMS 0x0000000086e00000, 0x0000000086e00000| Untracked 
| 111|0x0000000086f00000, 0x0000000086f00000, 0x0000000087000000|  0%| F|  |TAMS 0x0000000086f00000, 0x0000000086f00000| Untracked 
| 112|0x0000000087000000, 0x0000000087000000, 0x0000000087100000|  0%| F|  |TAMS 0x0000000087000000, 0x0000000087000000| Untracked 
| 113|0x0000000087100000, 0x0000000087100000, 0x0000000087200000|  0%| F|  |TAMS 0x0000000087100000, 0x0000000087100000| Untracked 
| 114|0x0000000087200000, 0x0000000087200000, 0x0000000087300000|  0%| F|  |TAMS 0x0000000087200000, 0x0000000087200000| Untracked 
| 115|0x0000000087300000, 0x0000000087300000, 0x0000000087400000|  0%| F|  |TAMS 0x0000000087300000, 0x0000000087300000| Untracked 
| 116|0x0000000087400000, 0x0000000087400000, 0x0000000087500000|  0%| F|  |TAMS 0x0000000087400000, 0x0000000087400000| Untracked 
| 117|0x0000000087500000, 0x0000000087500000, 0x0000000087600000|  0%| F|  |TAMS 0x0000000087500000, 0x0000000087500000| Untracked 
| 118|0x0000000087600000, 0x0000000087600000, 0x0000000087700000|  0%| F|  |TAMS 0x0000000087600000, 0x0000000087600000| Untracked 
| 119|0x0000000087700000, 0x0000000087700000, 0x0000000087800000|  0%| F|  |TAMS 0x0000000087700000, 0x0000000087700000| Untracked 
| 120|0x0000000087800000, 0x0000000087800000, 0x0000000087900000|  0%| F|  |TAMS 0x0000000087800000, 0x0000000087800000| Untracked 
| 121|0x0000000087900000, 0x0000000087900000, 0x0000000087a00000|  0%| F|  |TAMS 0x0000000087900000, 0x0000000087900000| Untracked 
| 122|0x0000000087a00000, 0x0000000087a00000, 0x0000000087b00000|  0%| F|  |TAMS 0x0000000087a00000, 0x0000000087a00000| Untracked 
| 123|0x0000000087b00000, 0x0000000087b00000, 0x0000000087c00000|  0%| F|  |TAMS 0x0000000087b00000, 0x0000000087b00000| Untracked 
| 124|0x0000000087c00000, 0x0000000087c00000, 0x0000000087d00000|  0%| F|  |TAMS 0x0000000087c00000, 0x0000000087c00000| Untracked 
| 125|0x0000000087d00000, 0x0000000087d00000, 0x0000000087e00000|  0%| F|  |TAMS 0x0000000087d00000, 0x0000000087d00000| Untracked 
| 126|0x0000000087e00000, 0x0000000087e00000, 0x0000000087f00000|  0%| F|  |TAMS 0x0000000087e00000, 0x0000000087e00000| Untracked 
| 127|0x0000000087f00000, 0x0000000087f00000, 0x0000000088000000|  0%| F|  |TAMS 0x0000000087f00000, 0x0000000087f00000| Untracked 
| 128|0x0000000088000000, 0x0000000088000000, 0x0000000088100000|  0%| F|  |TAMS 0x0000000088000000, 0x0000000088000000| Untracked 
| 129|0x0000000088100000, 0x0000000088100000, 0x0000000088200000|  0%| F|  |TAMS 0x0000000088100000, 0x0000000088100000| Untracked 
| 130|0x0000000088200000, 0x0000000088200000, 0x0000000088300000|  0%| F|  |TAMS 0x0000000088200000, 0x0000000088200000| Untracked 
| 131|0x0000000088300000, 0x0000000088300000, 0x0000000088400000|  0%| F|  |TAMS 0x0000000088300000, 0x0000000088300000| Untracked 
| 132|0x0000000088400000, 0x0000000088400000, 0x0000000088500000|  0%| F|  |TAMS 0x0000000088400000, 0x0000000088400000| Untracked 
| 133|0x0000000088500000, 0x0000000088500000, 0x0000000088600000|  0%| F|  |TAMS 0x0000000088500000, 0x0000000088500000| Untracked 
| 134|0x0000000088600000, 0x0000000088600000, 0x0000000088700000|  0%| F|  |TAMS 0x0000000088600000, 0x0000000088600000| Untracked 
| 135|0x0000000088700000, 0x0000000088700000, 0x0000000088800000|  0%| F|  |TAMS 0x0000000088700000, 0x0000000088700000| Untracked 
| 136|0x0000000088800000, 0x0000000088800000, 0x0000000088900000|  0%| F|  |TAMS 0x0000000088800000, 0x0000000088800000| Untracked 
| 137|0x0000000088900000, 0x0000000088900000, 0x0000000088a00000|  0%| F|  |TAMS 0x0000000088900000, 0x0000000088900000| Untracked 
| 138|0x0000000088a00000, 0x0000000088a00000, 0x0000000088b00000|  0%| F|  |TAMS 0x0000000088a00000, 0x0000000088a00000| Untracked 
| 139|0x0000000088b00000, 0x0000000088b00000, 0x0000000088c00000|  0%| F|  |TAMS 0x0000000088b00000, 0x0000000088b00000| Untracked 
| 140|0x0000000088c00000, 0x0000000088c00000, 0x0000000088d00000|  0%| F|  |TAMS 0x0000000088c00000, 0x0000000088c00000| Untracked 
| 141|0x0000000088d00000, 0x0000000088d00000, 0x0000000088e00000|  0%| F|  |TAMS 0x0000000088d00000, 0x0000000088d00000| Untracked 
| 142|0x0000000088e00000, 0x0000000088e00000, 0x0000000088f00000|  0%| F|  |TAMS 0x0000000088e00000, 0x0000000088e00000| Untracked 
| 143|0x0000000088f00000, 0x0000000088f00000, 0x0000000089000000|  0%| F|  |TAMS 0x0000000088f00000, 0x0000000088f00000| Untracked 
| 144|0x0000000089000000, 0x0000000089000000, 0x0000000089100000|  0%| F|  |TAMS 0x0000000089000000, 0x0000000089000000| Untracked 
| 145|0x0000000089100000, 0x0000000089100000, 0x0000000089200000|  0%| F|  |TAMS 0x0000000089100000, 0x0000000089100000| Untracked 
| 146|0x0000000089200000, 0x0000000089200000, 0x0000000089300000|  0%| F|  |TAMS 0x0000000089200000, 0x0000000089200000| Untracked 
| 147|0x0000000089300000, 0x0000000089300000, 0x0000000089400000|  0%| F|  |TAMS 0x0000000089300000, 0x0000000089300000| Untracked 
| 148|0x0000000089400000, 0x0000000089400000, 0x0000000089500000|  0%| F|  |TAMS 0x0000000089400000, 0x0000000089400000| Untracked 
| 149|0x0000000089500000, 0x0000000089500000, 0x0000000089600000|  0%| F|  |TAMS 0x0000000089500000, 0x0000000089500000| Untracked 
| 150|0x0000000089600000, 0x0000000089600000, 0x0000000089700000|  0%| F|  |TAMS 0x0000000089600000, 0x0000000089600000| Untracked 
| 151|0x0000000089700000, 0x0000000089700000, 0x0000000089800000|  0%| F|  |TAMS 0x0000000089700000, 0x0000000089700000| Untracked 
| 152|0x0000000089800000, 0x0000000089800000, 0x0000000089900000|  0%| F|  |TAMS 0x0000000089800000, 0x0000000089800000| Untracked 
| 153|0x0000000089900000, 0x0000000089900000, 0x0000000089a00000|  0%| F|  |TAMS 0x0000000089900000, 0x0000000089900000| Untracked 
| 154|0x0000000089a00000, 0x0000000089a00000, 0x0000000089b00000|  0%| F|  |TAMS 0x0000000089a00000, 0x0000000089a00000| Untracked 
| 155|0x0000000089b00000, 0x0000000089b00000, 0x0000000089c00000|  0%| F|  |TAMS 0x0000000089b00000, 0x0000000089b00000| Untracked 
| 156|0x0000000089c00000, 0x0000000089c00000, 0x0000000089d00000|  0%| F|  |TAMS 0x0000000089c00000, 0x0000000089c00000| Untracked 
| 157|0x0000000089d00000, 0x0000000089d00000, 0x0000000089e00000|  0%| F|  |TAMS 0x0000000089d00000, 0x0000000089d00000| Untracked 
| 158|0x0000000089e00000, 0x0000000089e00000, 0x0000000089f00000|  0%| F|  |TAMS 0x0000000089e00000, 0x0000000089e00000| Untracked 
| 159|0x0000000089f00000, 0x0000000089f00000, 0x000000008a000000|  0%| F|  |TAMS 0x0000000089f00000, 0x0000000089f00000| Untracked 
| 160|0x000000008a000000, 0x000000008a000000, 0x000000008a100000|  0%| F|  |TAMS 0x000000008a000000, 0x000000008a000000| Untracked 
| 161|0x000000008a100000, 0x000000008a100000, 0x000000008a200000|  0%| F|  |TAMS 0x000000008a100000, 0x000000008a100000| Untracked 
| 162|0x000000008a200000, 0x000000008a200000, 0x000000008a300000|  0%| F|  |TAMS 0x000000008a200000, 0x000000008a200000| Untracked 
| 163|0x000000008a300000, 0x000000008a300000, 0x000000008a400000|  0%| F|  |TAMS 0x000000008a300000, 0x000000008a300000| Untracked 
| 164|0x000000008a400000, 0x000000008a400000, 0x000000008a500000|  0%| F|  |TAMS 0x000000008a400000, 0x000000008a400000| Untracked 
| 165|0x000000008a500000, 0x000000008a500000, 0x000000008a600000|  0%| F|  |TAMS 0x000000008a500000, 0x000000008a500000| Untracked 
| 166|0x000000008a600000, 0x000000008a600000, 0x000000008a700000|  0%| F|  |TAMS 0x000000008a600000, 0x000000008a600000| Untracked 
| 167|0x000000008a700000, 0x000000008a700000, 0x000000008a800000|  0%| F|  |TAMS 0x000000008a700000, 0x000000008a700000| Untracked 
| 168|0x000000008a800000, 0x000000008a800000, 0x000000008a900000|  0%| F|  |TAMS 0x000000008a800000, 0x000000008a800000| Untracked 
| 169|0x000000008a900000, 0x000000008a900000, 0x000000008aa00000|  0%| F|  |TAMS 0x000000008a900000, 0x000000008a900000| Untracked 
| 170|0x000000008aa00000, 0x000000008aa00000, 0x000000008ab00000|  0%| F|  |TAMS 0x000000008aa00000, 0x000000008aa00000| Untracked 
| 171|0x000000008ab00000, 0x000000008ab00000, 0x000000008ac00000|  0%| F|  |TAMS 0x000000008ab00000, 0x000000008ab00000| Untracked 
| 172|0x000000008ac00000, 0x000000008ac00000, 0x000000008ad00000|  0%| F|  |TAMS 0x000000008ac00000, 0x000000008ac00000| Untracked 
| 173|0x000000008ad00000, 0x000000008ad00000, 0x000000008ae00000|  0%| F|  |TAMS 0x000000008ad00000, 0x000000008ad00000| Untracked 
| 174|0x000000008ae00000, 0x000000008ae00000, 0x000000008af00000|  0%| F|  |TAMS 0x000000008ae00000, 0x000000008ae00000| Untracked 
| 175|0x000000008af00000, 0x000000008af00000, 0x000000008b000000|  0%| F|  |TAMS 0x000000008af00000, 0x000000008af00000| Untracked 
| 176|0x000000008b000000, 0x000000008b000000, 0x000000008b100000|  0%| F|  |TAMS 0x000000008b000000, 0x000000008b000000| Untracked 
| 177|0x000000008b100000, 0x000000008b100000, 0x000000008b200000|  0%| F|  |TAMS 0x000000008b100000, 0x000000008b100000| Untracked 
| 178|0x000000008b200000, 0x000000008b200000, 0x000000008b300000|  0%| F|  |TAMS 0x000000008b200000, 0x000000008b200000| Untracked 
| 179|0x000000008b300000, 0x000000008b300000, 0x000000008b400000|  0%| F|  |TAMS 0x000000008b300000, 0x000000008b300000| Untracked 
| 180|0x000000008b400000, 0x000000008b400000, 0x000000008b500000|  0%| F|  |TAMS 0x000000008b400000, 0x000000008b400000| Untracked 
| 181|0x000000008b500000, 0x000000008b500000, 0x000000008b600000|  0%| F|  |TAMS 0x000000008b500000, 0x000000008b500000| Untracked 
| 182|0x000000008b600000, 0x000000008b600000, 0x000000008b700000|  0%| F|  |TAMS 0x000000008b600000, 0x000000008b600000| Untracked 
| 183|0x000000008b700000, 0x000000008b700000, 0x000000008b800000|  0%| F|  |TAMS 0x000000008b700000, 0x000000008b700000| Untracked 
| 184|0x000000008b800000, 0x000000008b800000, 0x000000008b900000|  0%| F|  |TAMS 0x000000008b800000, 0x000000008b800000| Untracked 
| 185|0x000000008b900000, 0x000000008b900000, 0x000000008ba00000|  0%| F|  |TAMS 0x000000008b900000, 0x000000008b900000| Untracked 
| 186|0x000000008ba00000, 0x000000008ba00000, 0x000000008bb00000|  0%| F|  |TAMS 0x000000008ba00000, 0x000000008ba00000| Untracked 
| 187|0x000000008bb00000, 0x000000008bb00000, 0x000000008bc00000|  0%| F|  |TAMS 0x000000008bb00000, 0x000000008bb00000| Untracked 
| 188|0x000000008bc00000, 0x000000008bc00000, 0x000000008bd00000|  0%| F|  |TAMS 0x000000008bc00000, 0x000000008bc00000| Untracked 
| 189|0x000000008bd00000, 0x000000008bd00000, 0x000000008be00000|  0%| F|  |TAMS 0x000000008bd00000, 0x000000008bd00000| Untracked 
| 190|0x000000008be00000, 0x000000008be00000, 0x000000008bf00000|  0%| F|  |TAMS 0x000000008be00000, 0x000000008be00000| Untracked 
| 191|0x000000008bf00000, 0x000000008bf00000, 0x000000008c000000|  0%| F|  |TAMS 0x000000008bf00000, 0x000000008bf00000| Untracked 
| 192|0x000000008c000000, 0x000000008c000000, 0x000000008c100000|  0%| F|  |TAMS 0x000000008c000000, 0x000000008c000000| Untracked 
| 193|0x000000008c100000, 0x000000008c100000, 0x000000008c200000|  0%| F|  |TAMS 0x000000008c100000, 0x000000008c100000| Untracked 
| 194|0x000000008c200000, 0x000000008c200000, 0x000000008c300000|  0%| F|  |TAMS 0x000000008c200000, 0x000000008c200000| Untracked 
| 195|0x000000008c300000, 0x000000008c300000, 0x000000008c400000|  0%| F|  |TAMS 0x000000008c300000, 0x000000008c300000| Untracked 
| 196|0x000000008c400000, 0x000000008c400000, 0x000000008c500000|  0%| F|  |TAMS 0x000000008c400000, 0x000000008c400000| Untracked 
| 197|0x000000008c500000, 0x000000008c500000, 0x000000008c600000|  0%| F|  |TAMS 0x000000008c500000, 0x000000008c500000| Untracked 
| 198|0x000000008c600000, 0x000000008c600000, 0x000000008c700000|  0%| F|  |TAMS 0x000000008c600000, 0x000000008c600000| Untracked 
| 199|0x000000008c700000, 0x000000008c700000, 0x000000008c800000|  0%| F|  |TAMS 0x000000008c700000, 0x000000008c700000| Untracked 
| 200|0x000000008c800000, 0x000000008c800000, 0x000000008c900000|  0%| F|  |TAMS 0x000000008c800000, 0x000000008c800000| Untracked 
| 201|0x000000008c900000, 0x000000008c900000, 0x000000008ca00000|  0%| F|  |TAMS 0x000000008c900000, 0x000000008c900000| Untracked 
| 202|0x000000008ca00000, 0x000000008ca00000, 0x000000008cb00000|  0%| F|  |TAMS 0x000000008ca00000, 0x000000008ca00000| Untracked 
| 203|0x000000008cb00000, 0x000000008cb00000, 0x000000008cc00000|  0%| F|  |TAMS 0x000000008cb00000, 0x000000008cb00000| Untracked 
| 204|0x000000008cc00000, 0x000000008cc00000, 0x000000008cd00000|  0%| F|  |TAMS 0x000000008cc00000, 0x000000008cc00000| Untracked 
| 205|0x000000008cd00000, 0x000000008cd00000, 0x000000008ce00000|  0%| F|  |TAMS 0x000000008cd00000, 0x000000008cd00000| Untracked 
| 206|0x000000008ce00000, 0x000000008ce00000, 0x000000008cf00000|  0%| F|  |TAMS 0x000000008ce00000, 0x000000008ce00000| Untracked 
| 207|0x000000008cf00000, 0x000000008cf00000, 0x000000008d000000|  0%| F|  |TAMS 0x000000008cf00000, 0x000000008cf00000| Untracked 
| 208|0x000000008d000000, 0x000000008d000000, 0x000000008d100000|  0%| F|  |TAMS 0x000000008d000000, 0x000000008d000000| Untracked 
| 209|0x000000008d100000, 0x000000008d100000, 0x000000008d200000|  0%| F|  |TAMS 0x000000008d100000, 0x000000008d100000| Untracked 
| 210|0x000000008d200000, 0x000000008d200000, 0x000000008d300000|  0%| F|  |TAMS 0x000000008d200000, 0x000000008d200000| Untracked 
| 211|0x000000008d300000, 0x000000008d300000, 0x000000008d400000|  0%| F|  |TAMS 0x000000008d300000, 0x000000008d300000| Untracked 
| 212|0x000000008d400000, 0x000000008d400000, 0x000000008d500000|  0%| F|  |TAMS 0x000000008d400000, 0x000000008d400000| Untracked 
| 213|0x000000008d500000, 0x000000008d500000, 0x000000008d600000|  0%| F|  |TAMS 0x000000008d500000, 0x000000008d500000| Untracked 
| 214|0x000000008d600000, 0x000000008d600000, 0x000000008d700000|  0%| F|  |TAMS 0x000000008d600000, 0x000000008d600000| Untracked 
| 215|0x000000008d700000, 0x000000008d7b8840, 0x000000008d800000| 72%| S|CS|TAMS 0x000000008d700000, 0x000000008d700000| Complete 
| 216|0x000000008d800000, 0x000000008d900000, 0x000000008d900000|100%| S|CS|TAMS 0x000000008d800000, 0x000000008d800000| Complete 
| 217|0x000000008d900000, 0x000000008d900000, 0x000000008da00000|  0%| F|  |TAMS 0x000000008d900000, 0x000000008d900000| Untracked 
| 218|0x000000008da00000, 0x000000008daea748, 0x000000008db00000| 91%| E|  |TAMS 0x000000008da00000, 0x000000008da00000| Complete 
| 219|0x000000008db00000, 0x000000008dc00000, 0x000000008dc00000|100%| E|CS|TAMS 0x000000008db00000, 0x000000008db00000| Complete 
| 220|0x000000008dc00000, 0x000000008dd00000, 0x000000008dd00000|100%| E|CS|TAMS 0x000000008dc00000, 0x000000008dc00000| Complete 
| 221|0x000000008dd00000, 0x000000008de00000, 0x000000008de00000|100%| E|CS|TAMS 0x000000008dd00000, 0x000000008dd00000| Complete 
| 222|0x000000008de00000, 0x000000008df00000, 0x000000008df00000|100%| E|CS|TAMS 0x000000008de00000, 0x000000008de00000| Complete 
| 223|0x000000008df00000, 0x000000008e000000, 0x000000008e000000|100%| E|CS|TAMS 0x000000008df00000, 0x000000008df00000| Complete 
| 224|0x000000008e000000, 0x000000008e100000, 0x000000008e100000|100%| E|CS|TAMS 0x000000008e000000, 0x000000008e000000| Complete 
| 225|0x000000008e100000, 0x000000008e200000, 0x000000008e200000|100%| E|CS|TAMS 0x000000008e100000, 0x000000008e100000| Complete 
| 226|0x000000008e200000, 0x000000008e300000, 0x000000008e300000|100%| E|CS|TAMS 0x000000008e200000, 0x000000008e200000| Complete 
| 227|0x000000008e300000, 0x000000008e400000, 0x000000008e400000|100%| E|CS|TAMS 0x000000008e300000, 0x000000008e300000| Complete 
| 228|0x000000008e400000, 0x000000008e500000, 0x000000008e500000|100%| E|CS|TAMS 0x000000008e400000, 0x000000008e400000| Complete 
| 229|0x000000008e500000, 0x000000008e600000, 0x000000008e600000|100%| E|CS|TAMS 0x000000008e500000, 0x000000008e500000| Complete 
| 230|0x000000008e600000, 0x000000008e700000, 0x000000008e700000|100%| E|CS|TAMS 0x000000008e600000, 0x000000008e600000| Complete 
| 231|0x000000008e700000, 0x000000008e800000, 0x000000008e800000|100%| E|CS|TAMS 0x000000008e700000, 0x000000008e700000| Complete 
| 232|0x000000008e800000, 0x000000008e900000, 0x000000008e900000|100%| E|CS|TAMS 0x000000008e800000, 0x000000008e800000| Complete 
| 233|0x000000008e900000, 0x000000008ea00000, 0x000000008ea00000|100%| E|CS|TAMS 0x000000008e900000, 0x000000008e900000| Complete 
| 234|0x000000008ea00000, 0x000000008eb00000, 0x000000008eb00000|100%| E|CS|TAMS 0x000000008ea00000, 0x000000008ea00000| Complete 
| 235|0x000000008eb00000, 0x000000008ec00000, 0x000000008ec00000|100%| E|CS|TAMS 0x000000008eb00000, 0x000000008eb00000| Complete 
| 236|0x000000008ec00000, 0x000000008ed00000, 0x000000008ed00000|100%| E|CS|TAMS 0x000000008ec00000, 0x000000008ec00000| Complete 
| 237|0x000000008ed00000, 0x000000008ee00000, 0x000000008ee00000|100%| E|CS|TAMS 0x000000008ed00000, 0x000000008ed00000| Complete 
| 238|0x000000008ee00000, 0x000000008ef00000, 0x000000008ef00000|100%| E|CS|TAMS 0x000000008ee00000, 0x000000008ee00000| Complete 
| 239|0x000000008ef00000, 0x000000008f000000, 0x000000008f000000|100%| E|CS|TAMS 0x000000008ef00000, 0x000000008ef00000| Complete 
| 240|0x000000008f000000, 0x000000008f100000, 0x000000008f100000|100%| E|CS|TAMS 0x000000008f000000, 0x000000008f000000| Complete 
| 241|0x000000008f100000, 0x000000008f200000, 0x000000008f200000|100%| E|CS|TAMS 0x000000008f100000, 0x000000008f100000| Complete 
| 242|0x000000008f200000, 0x000000008f300000, 0x000000008f300000|100%| E|CS|TAMS 0x000000008f200000, 0x000000008f200000| Complete 
| 243|0x000000008f300000, 0x000000008f400000, 0x000000008f400000|100%| E|CS|TAMS 0x000000008f300000, 0x000000008f300000| Complete 
| 244|0x000000008f400000, 0x000000008f500000, 0x000000008f500000|100%| E|CS|TAMS 0x000000008f400000, 0x000000008f400000| Complete 
| 245|0x000000008f500000, 0x000000008f600000, 0x000000008f600000|100%| E|CS|TAMS 0x000000008f500000, 0x000000008f500000| Complete 
| 246|0x000000008f600000, 0x000000008f700000, 0x000000008f700000|100%| E|CS|TAMS 0x000000008f600000, 0x000000008f600000| Complete 
| 247|0x000000008f700000, 0x000000008f800000, 0x000000008f800000|100%| E|CS|TAMS 0x000000008f700000, 0x000000008f700000| Complete 
| 248|0x000000008f800000, 0x000000008f900000, 0x000000008f900000|100%| E|CS|TAMS 0x000000008f800000, 0x000000008f800000| Complete 
| 249|0x000000008f900000, 0x000000008fa00000, 0x000000008fa00000|100%| E|CS|TAMS 0x000000008f900000, 0x000000008f900000| Complete 
| 250|0x000000008fa00000, 0x000000008fb00000, 0x000000008fb00000|100%| E|CS|TAMS 0x000000008fa00000, 0x000000008fa00000| Complete 
| 251|0x000000008fb00000, 0x000000008fc00000, 0x000000008fc00000|100%| E|CS|TAMS 0x000000008fb00000, 0x000000008fb00000| Complete 
| 252|0x000000008fc00000, 0x000000008fd00000, 0x000000008fd00000|100%| E|CS|TAMS 0x000000008fc00000, 0x000000008fc00000| Complete 
| 253|0x000000008fd00000, 0x000000008fe00000, 0x000000008fe00000|100%| E|CS|TAMS 0x000000008fd00000, 0x000000008fd00000| Complete 

Card table byte_map: [0x0000019a7dd30000,0x0000019a7e130000] _byte_map_base: 0x0000019a7d930000

Marking Bits (Prev, Next): (CMBitMap*) 0x0000019a798f6d90, (CMBitMap*) 0x0000019a798f6d58
 Prev Bits: [0x0000019a11000000, 0x0000019a13000000)
 Next Bits: [0x0000019a0f000000, 0x0000019a11000000)

Polling page: 0x0000019a778c0000

Metaspace:

Usage:
  Non-class:     24.18 MB capacity,    23.80 MB ( 98%) used,   332.09 KB (  1%) free+waste,    58.56 KB ( <1%) overhead. 
      Class:      3.86 MB capacity,     3.60 MB ( 93%) used,   231.55 KB (  6%) free+waste,    29.81 KB ( <1%) overhead. 
       Both:     28.04 MB capacity,    27.40 MB ( 98%) used,   563.65 KB (  2%) free+waste,    88.38 KB ( <1%) overhead. 

Virtual space:
  Non-class space:       26.00 MB reserved,      24.42 MB ( 94%) committed 
      Class space:        1.00 GB reserved,       3.95 MB ( <1%) committed 
             Both:        1.03 GB reserved,      28.37 MB (  3%) committed 

Chunk freelists:
   Non-Class:  53.00 KB
       Class:  17.00 KB
        Both:  70.00 KB

MaxMetaspaceSize: 17179869184.00 GB
CompressedClassSpaceSize: 1.00 GB
Initial GC threshold: 20.80 MB
Current GC threshold: 35.20 MB
CDS: off

CodeHeap 'non-profiled nmethods': size=120000Kb used=1142Kb max_used=1142Kb free=118857Kb
 bounds [0x0000019a07ad0000, 0x0000019a07d40000, 0x0000019a0f000000]
CodeHeap 'profiled nmethods': size=120000Kb used=4901Kb max_used=4901Kb free=115098Kb
 bounds [0x0000019a005a0000, 0x0000019a00a70000, 0x0000019a07ad0000]
CodeHeap 'non-nmethods': size=5760Kb used=1233Kb max_used=1265Kb free=4526Kb
 bounds [0x0000019a00000000, 0x0000019a00270000, 0x0000019a005a0000]
 total_blobs=2801 nmethods=2291 adapters=422
 compilation: enabled
              stopped_count=0, restarted_count=0
 full_count=0

Compilation events (20 events):
Event: 2.656 Thread 0x0000019a7fab4800 2251       3       org.gradle.internal.service.DefaultServiceRegistry$FactoryMethodService::getParameterTypes (10 bytes)
Event: 2.657 Thread 0x0000019a7fab4800 nmethod 2251 0x0000019a00a46990 code [0x0000019a00a46b40, 0x0000019a00a46d18]
Event: 2.657 Thread 0x0000019a7fab4800 2252       3       java.lang.ClassLoader::getPlatformClassLoader (21 bytes)
Event: 2.657 Thread 0x0000019a7fab4800 nmethod 2252 0x0000019a00a46e10 code [0x0000019a00a47040, 0x0000019a00a478b8]
Event: 2.657 Thread 0x0000019a7fab4800 2253       3       jdk.internal.misc.VM::isSystemDomainLoader (17 bytes)
Event: 2.657 Thread 0x0000019a7fab4800 nmethod 2253 0x0000019a00a47b90 code [0x0000019a00a47de0, 0x0000019a00a48758]
Event: 2.658 Thread 0x0000019a7fab4800 2255       3       org.gradle.internal.service.DefaultServiceRegistry$FactoryService::assembleParameters (58 bytes)
Event: 2.659 Thread 0x0000019a7fab4800 nmethod 2255 0x0000019a00a48a90 code [0x0000019a00a48c80, 0x0000019a00a49268]
Event: 2.659 Thread 0x0000019a7fab4800 2254       3       org.gradle.internal.service.DefaultServiceRegistry$FactoryService::createServiceInstance (18 bytes)
Event: 2.659 Thread 0x0000019a7fab4800 nmethod 2254 0x0000019a00a49490 code [0x0000019a00a49660, 0x0000019a00a49878]
Event: 2.664 Thread 0x0000019a7fab4800 2257       3       jdk.internal.misc.Unsafe::ensureClassInitialized (18 bytes)
Event: 2.664 Thread 0x0000019a7fab4800 nmethod 2257 0x0000019a00a49990 code [0x0000019a00a49b60, 0x0000019a00a49d78]
Event: 2.666 Thread 0x0000019a7fab4800 2258       3       jdk.internal.reflect.ReflectionFactory::newMethodAccessor (119 bytes)
Event: 2.668 Thread 0x0000019a7fab4800 nmethod 2258 0x0000019a00a49e90 code [0x0000019a00a4a280, 0x0000019a00a4bfc8]
Event: 2.668 Thread 0x0000019a7fab4800 2259       3       jdk.internal.reflect.Reflection::isCallerSensitive (24 bytes)
Event: 2.669 Thread 0x0000019a7fab4800 nmethod 2259 0x0000019a00a4c910 code [0x0000019a00a4cc40, 0x0000019a00a4dfb8]
Event: 2.681 Thread 0x0000019a7fab4800 2260   !   3       org.gradle.internal.service.ReflectionBasedServiceMethod::invoke (16 bytes)
Event: 2.681 Thread 0x0000019a7fab4800 nmethod 2260 0x0000019a00a4e590 code [0x0000019a00a4e760, 0x0000019a00a4e8f8]
Event: 2.682 Thread 0x0000019a7fab4800 2261   !   3       org.gradle.internal.reflect.JavaMethod::invoke (74 bytes)
Event: 2.683 Thread 0x0000019a7fab4800 nmethod 2261 0x0000019a00a4ea10 code [0x0000019a00a4edc0, 0x0000019a00a504c8]

GC Heap History (6 events):
Event: 0.581 GC heap before
{Heap before GC invocations=0 (full 0):
 garbage-first heap   total 260096K, used 29696K [0x0000000080000000, 0x0000000100000000)
  region size 1024K, 24 young (24576K), 0 survivors (0K)
 Metaspace       used 10109K, capacity 10339K, committed 10624K, reserved 1058816K
  class space    used 1033K, capacity 1106K, committed 1152K, reserved 1048576K
}
Event: 0.584 GC heap after
{Heap after GC invocations=1 (full 0):
 garbage-first heap   total 260096K, used 9661K [0x0000000080000000, 0x0000000100000000)
  region size 1024K, 3 young (3072K), 3 survivors (3072K)
 Metaspace       used 10109K, capacity 10339K, committed 10624K, reserved 1058816K
  class space    used 1033K, capacity 1106K, committed 1152K, reserved 1048576K
}
Event: 2.142 GC heap before
{Heap before GC invocations=1 (full 0):
 garbage-first heap   total 260096K, used 108989K [0x0000000080000000, 0x0000000100000000)
  region size 1024K, 100 young (102400K), 3 survivors (3072K)
 Metaspace       used 20772K, capacity 21201K, committed 21296K, reserved 1069056K
  class space    used 2527K, capacity 2687K, committed 2688K, reserved 1048576K
}
Event: 2.150 GC heap after
{Heap after GC invocations=2 (full 0):
 garbage-first heap   total 260096K, used 17301K [0x0000000080000000, 0x0000000100000000)
  region size 1024K, 11 young (11264K), 11 survivors (11264K)
 Metaspace       used 20772K, capacity 21201K, committed 21296K, reserved 1069056K
  class space    used 2527K, capacity 2687K, committed 2688K, reserved 1048576K
}
Event: 2.413 GC heap before
{Heap before GC invocations=3 (full 0):
 garbage-first heap   total 260096K, used 54165K [0x0000000080000000, 0x0000000100000000)
  region size 1024K, 48 young (49152K), 11 survivors (11264K)
 Metaspace       used 24503K, capacity 25144K, committed 25340K, reserved 1071104K
  class space    used 3139K, capacity 3350K, committed 3404K, reserved 1048576K
}
Event: 2.418 GC heap after
{Heap after GC invocations=4 (full 0):
 garbage-first heap   total 260096K, used 19027K [0x0000000080000000, 0x0000000100000000)
  region size 1024K, 2 young (2048K), 2 survivors (2048K)
 Metaspace       used 24503K, capacity 25144K, committed 25340K, reserved 1071104K
  class space    used 3139K, capacity 3350K, committed 3404K, reserved 1048576K
}

Deoptimization events (20 events):
Event: 2.200 Thread 0x0000019a17804800 Uncommon trap: trap_request=0xffffff4d fr.pc=0x0000019a07bb3b98 relative=0x0000000000000398
Event: 2.200 Thread 0x0000019a17804800 Uncommon trap: reason=unstable_if action=reinterpret pc=0x0000019a07bb3b98 method=jdk.internal.org.objectweb.asm.Type.getArgumentsAndReturnSizes(Ljava/lang/String;)I @ 88 c2
Event: 2.200 Thread 0x0000019a17804800 DEOPT PACKING pc=0x0000019a07bb3b98 sp=0x00000031af4f9b50
Event: 2.200 Thread 0x0000019a17804800 DEOPT UNPACKING pc=0x0000019a0004a1af sp=0x00000031af4f9ad8 mode 2
Event: 2.314 Thread 0x0000019a17804800 Uncommon trap: trap_request=0xffffff4d fr.pc=0x0000019a07b9987c relative=0x000000000000023c
Event: 2.314 Thread 0x0000019a17804800 Uncommon trap: reason=unstable_if action=reinterpret pc=0x0000019a07b9987c method=java.util.concurrent.ConcurrentHashMap.get(Ljava/lang/Object;)Ljava/lang/Object; @ 76 c2
Event: 2.314 Thread 0x0000019a17804800 DEOPT PACKING pc=0x0000019a07b9987c sp=0x00000031af4f8d60
Event: 2.314 Thread 0x0000019a17804800 DEOPT UNPACKING pc=0x0000019a0004a1af sp=0x00000031af4f8cc8 mode 2
Event: 2.330 Thread 0x0000019a17804800 Uncommon trap: trap_request=0xffffff4d fr.pc=0x0000019a07baab18 relative=0x0000000000001418
Event: 2.330 Thread 0x0000019a17804800 Uncommon trap: reason=unstable_if action=reinterpret pc=0x0000019a07baab18 method=java.util.concurrent.ConcurrentHashMap.transfer([Ljava/util/concurrent/ConcurrentHashMap$Node;[Ljava/util/concurrent/ConcurrentHashMap$Node;)V @ 26 c2
Event: 2.330 Thread 0x0000019a17804800 DEOPT PACKING pc=0x0000019a07baab18 sp=0x00000031af4f9090
Event: 2.330 Thread 0x0000019a17804800 DEOPT UNPACKING pc=0x0000019a0004a1af sp=0x00000031af4f9030 mode 2
Event: 2.339 Thread 0x0000019a17804800 DEOPT PACKING pc=0x0000019a009c3476 sp=0x00000031af4f3e80
Event: 2.339 Thread 0x0000019a17804800 DEOPT UNPACKING pc=0x0000019a0004a95e sp=0x00000031af4f33a0 mode 0
Event: 2.355 Thread 0x0000019a17804800 DEOPT PACKING pc=0x0000019a009c3455 sp=0x00000031af4fa290
Event: 2.355 Thread 0x0000019a17804800 DEOPT UNPACKING pc=0x0000019a0004a95e sp=0x00000031af4f97b0 mode 0
Event: 2.540 Thread 0x0000019a17804800 Uncommon trap: trap_request=0xffffff7e fr.pc=0x0000019a07be4c9c relative=0x000000000000015c
Event: 2.540 Thread 0x0000019a17804800 Uncommon trap: reason=predicate action=maybe_recompile pc=0x0000019a07be4c9c method=com.google.common.base.CharMatcher.indexIn(Ljava/lang/CharSequence;I)I @ 19 c2
Event: 2.540 Thread 0x0000019a17804800 DEOPT PACKING pc=0x0000019a07be4c9c sp=0x00000031af4fbb10
Event: 2.540 Thread 0x0000019a17804800 DEOPT UNPACKING pc=0x0000019a0004a1af sp=0x00000031af4fbaa0 mode 2

Classes redefined (0 events):
No events

Internal exceptions (20 events):
Event: 2.163 Thread 0x0000019a17804800 Exception <a 'java/lang/NoSuchMethodError'{0x000000008fdd9e28}: 'int java.lang.invoke.DirectMethodHandle$Holder.invokeSpecialIFC(java.lang.Object, java.lang.Object, java.lang.Object, java.lang.Object)'> (0x000000008fdd9e28) thrown at [src/hotspot/share/interpreter/linkResolver.cpp, line 773]
Event: 2.164 Thread 0x0000019a17804800 Exception <a 'java/lang/NoSuchMethodError'{0x000000008fde7de0}: 'java.lang.Object java.lang.invoke.DirectMethodHandle$Holder.invokeInterface(java.lang.Object, java.lang.Object, java.lang.Object)'> (0x000000008fde7de0) thrown at [src/hotspot/share/interpreter/linkResolver.cpp, line 773]
Event: 2.165 Thread 0x0000019a17804800 Exception <a 'java/lang/IncompatibleClassChangeError'{0x000000008fdeb2b8}: Found class java.lang.Object, but interface was expected> (0x000000008fdeb2b8) thrown at [src/hotspot/share/interpreter/linkResolver.cpp, line 839]
Event: 2.227 Thread 0x0000019a17804800 Exception <a 'java/lang/NoSuchMethodError'{0x000000008f5bba40}: 'void java.lang.invoke.DirectMethodHandle$Holder.invokeSpecial(java.lang.Object, java.lang.Object, java.lang.Object, java.lang.Object, java.lang.Object)'> (0x000000008f5bba40) thrown at [src/hotspot/share/interpreter/linkResolver.cpp, line 773]
Event: 2.241 Thread 0x0000019a17804800 Exception <a 'java/lang/NoSuchMethodError'{0x000000008f3f3940}: 'java.lang.Object java.lang.invoke.DirectMethodHandle$Holder.invokeSpecial(java.lang.Object, java.lang.Object, java.lang.Object, java.lang.Object, java.lang.Object, java.lang.Object, java.lang.Object, java.lang.Object, java.lang.Object)'> (0x000000008f3f3940) thrown at [src/hotspot/share/interpreter/linkResolver.cpp, line 773]
Event: 2.281 Thread 0x0000019a17804800 Exception <a 'java/lang/NoSuchMethodError'{0x000000008e9e32c0}: 'java.lang.Object java.lang.invoke.DirectMethodHandle$Holder.invokeVirtual(java.lang.Object, java.lang.Object, java.lang.Object, java.lang.Object)'> (0x000000008e9e32c0) thrown at [src/hotspot/share/interpreter/linkResolver.cpp, line 773]
Event: 2.344 Thread 0x0000019a17804800 Exception <a 'java/lang/NoSuchMethodError'{0x000000008e27da80}: 'void java.lang.invoke.DirectMethodHandle$Holder.invokeSpecial(java.lang.Object, java.lang.Object, java.lang.Object, java.lang.Object, java.lang.Object, java.lang.Object)'> (0x000000008e27da80) thrown at [src/hotspot/share/interpreter/linkResolver.cpp, line 773]
Event: 2.346 Thread 0x0000019a17804800 Exception <a 'java/lang/NoSuchMethodError'{0x000000008e2ac060}: 'java.lang.Object java.lang.invoke.DirectMethodHandle$Holder.invokeSpecial(java.lang.Object, java.lang.Object, java.lang.Object, java.lang.Object, java.lang.Object, java.lang.Object, java.lang.Object, java.lang.Object, int, int)'> (0x000000008e2ac060) thrown at [src/hotspot/share/interpreter/linkResolver.cpp, line 773]
Event: 2.347 Thread 0x0000019a17804800 Exception <a 'java/lang/NoSuchMethodError'{0x000000008e2c8970}: 'java.lang.Object java.lang.invoke.Invokers$Holder.linkToTargetMethod(java.lang.Object, java.lang.Object, java.lang.Object, java.lang.Object, java.lang.Object, java.lang.Object, java.lang.Object)'> (0x000000008e2c8970) thrown at [src/hotspot/share/interpreter/linkResolver.cpp, line 773]
Event: 2.361 Thread 0x0000019a17804800 Exception <a 'java/lang/NoSuchMethodError'{0x000000008e1dae40}: 'void java.lang.invoke.DirectMethodHandle$Holder.invokeSpecial(java.lang.Object, java.lang.Object, java.lang.Object, java.lang.Object, java.lang.Object, java.lang.Object, java.lang.Object)'> (0x000000008e1dae40) thrown at [src/hotspot/share/interpreter/linkResolver.cpp, line 773]
Event: 2.364 Thread 0x0000019a17804800 Exception <a 'java/lang/NoSuchMethodError'{0x000000008e01e300}: 'java.lang.Object java.lang.invoke.DirectMethodHandle$Holder.invokeStatic(java.lang.Object, java.lang.Object, java.lang.Object, int, java.lang.Object, java.lang.Object)'> (0x000000008e01e300) thrown at [src/hotspot/share/interpreter/linkResolver.cpp, line 773]
Event: 2.364 Thread 0x0000019a17804800 Exception <a 'java/lang/NoSuchMethodError'{0x000000008e025a10}: 'java.lang.Object java.lang.invoke.Invokers$Holder.linkToTargetMethod(java.lang.Object, java.lang.Object, int, java.lang.Object, java.lang.Object, java.lang.Object)'> (0x000000008e025a10) thrown at [src/hotspot/share/interpreter/linkResolver.cpp, line 773]
Event: 2.382 Thread 0x0000019a17804800 Exception <a 'java/lang/NoSuchMethodError'{0x000000008dfd6600}: 'java.lang.Object java.lang.invoke.DirectMethodHandle$Holder.invokeVirtual(java.lang.Object, java.lang.Object, java.lang.Object, java.lang.Object, java.lang.Object, java.lang.Object, java.lang.Object, java.lang.Object, java.lang.Object, java.lang.Object, java.lang.Object, java.lang.Object, java.lang.Object, java.lang.Object, java.lang.Object, java.lang.Object, java.lang.Object, java.lang.Object, java.lang.Object, java.lang.Object, java.lang.Ob
Event: 2.433 Thread 0x0000019a17804800 Exception <a 'java/lang/NoSuchMethodError'{0x000000008fb1cd20}: 'int java.lang.invoke.DirectMethodHandle$Holder.invokeStaticInit(java.lang.Object, java.lang.Object, java.lang.Object)'> (0x000000008fb1cd20) thrown at [src/hotspot/share/interpreter/linkResolver.cpp, line 773]
Event: 2.490 Thread 0x0000019a17804800 Exception <a 'java/lang/NoSuchMethodError'{0x000000008f63a5f8}: 'void java.lang.invoke.DirectMethodHandle$Holder.invokeStaticInit(java.lang.Object, java.lang.Object)'> (0x000000008f63a5f8) thrown at [src/hotspot/share/interpreter/linkResolver.cpp, line 773]
Event: 2.569 Thread 0x0000019a17804800 Exception <a 'java/lang/NoSuchMethodError'{0x000000008f069e98}: 'void java.lang.invoke.DirectMethodHandle$Holder.invokeStatic(java.lang.Object, java.lang.Object, java.lang.Object, java.lang.Object)'> (0x000000008f069e98) thrown at [src/hotspot/share/interpreter/linkResolver.cpp, line 773]
Event: 2.571 Thread 0x0000019a17804800 Exception <a 'java/lang/NoSuchMethodError'{0x000000008f0f2d30}: 'int java.lang.invoke.DirectMethodHandle$Holder.invokeVirtual(java.lang.Object, java.lang.Object)'> (0x000000008f0f2d30) thrown at [src/hotspot/share/interpreter/linkResolver.cpp, line 773]
Event: 2.572 Thread 0x0000019a17804800 Exception <a 'java/lang/NoSuchMethodError'{0x000000008ef0c3d8}: 'java.lang.Object java.lang.invoke.DirectMethodHandle$Holder.invokeVirtual(java.lang.Object, java.lang.Object, java.lang.Object)'> (0x000000008ef0c3d8) thrown at [src/hotspot/share/interpreter/linkResolver.cpp, line 773]
Event: 2.575 Thread 0x0000019a17804800 Exception <a 'java/lang/NoSuchMethodError'{0x000000008ef34ac0}: 'int java.lang.invoke.DirectMethodHandle$Holder.invokeVirtual(java.lang.Object, java.lang.Object, java.lang.Object)'> (0x000000008ef34ac0) thrown at [src/hotspot/share/interpreter/linkResolver.cpp, line 773]
Event: 2.599 Thread 0x0000019a17804800 Exception <a 'java/lang/NoSuchMethodError'{0x000000008eeffba8}: 'void java.lang.invoke.DirectMethodHandle$Holder.invokeSpecial(java.lang.Object, java.lang.Object)'> (0x000000008eeffba8) thrown at [src/hotspot/share/interpreter/linkResolver.cpp, line 773]

Events (20 events):
Event: 2.685 loading class org/gradle/api/internal/attributes/CompatibilityRule
Event: 2.685 loading class org/gradle/api/internal/attributes/CompatibilityRule done
Event: 2.685 loading class org/gradle/api/internal/attributes/DisambiguationRule
Event: 2.685 loading class org/gradle/api/internal/attributes/DisambiguationRule done
Event: 2.685 loading class org/gradle/api/internal/attributes/EmptySchema$DoNothingCompatibilityRule
Event: 2.685 loading class org/gradle/api/internal/attributes/EmptySchema$DoNothingCompatibilityRule done
Event: 2.686 loading class org/gradle/api/internal/attributes/EmptySchema$DoNothingDisambiguationRule
Event: 2.686 loading class org/gradle/api/internal/attributes/EmptySchema$DoNothingDisambiguationRule done
Event: 2.686 loading class org/gradle/api/attributes/Usage
Event: 2.686 loading class org/gradle/api/attributes/Usage done
Event: 2.686 loading class org/gradle/api/attributes/LibraryElements
Event: 2.686 loading class org/gradle/api/attributes/LibraryElements done
Event: 2.686 loading class org/gradle/model/internal/inspect/FormattingValidationProblemCollector
Event: 2.686 loading class org/gradle/model/internal/inspect/FormattingValidationProblemCollector done
Event: 2.687 loading class org/gradle/model/internal/type/ModelType
Event: 2.687 loading class org/gradle/model/internal/type/ModelType done
Event: 2.687 loading class org/gradle/model/internal/type/ModelType$Simple
Event: 2.687 loading class org/gradle/model/internal/type/ModelType$Simple done
Event: 2.687 loading class org/gradle/model/internal/type/TypeWrapper
Event: 2.687 loading class org/gradle/model/internal/type/TypeWrapper done


Dynamic libraries:
0x00007ff695ad0000 - 0x00007ff695ada000 	C:\Program Files\Android\Android Studio\jbr\bin\java.exe
0x00007ffe00310000 - 0x00007ffe00508000 	C:\Windows\SYSTEM32\ntdll.dll
0x00007ffdfe600000 - 0x00007ffdfe6bf000 	C:\Windows\System32\KERNEL32.DLL
0x00007ffdfdb60000 - 0x00007ffdfde32000 	C:\Windows\System32\KERNELBASE.dll
0x00007ffdfe1e0000 - 0x00007ffdfe2e0000 	C:\Windows\System32\ucrtbase.dll
0x00007ffdf76a0000 - 0x00007ffdf76b7000 	C:\Program Files\Android\Android Studio\jbr\bin\jli.dll
0x00007ffdf5ff0000 - 0x00007ffdf600b000 	C:\Program Files\Android\Android Studio\jbr\bin\VCRUNTIME140.dll
0x00007ffdfeeb0000 - 0x00007ffdff051000 	C:\Windows\System32\USER32.dll
0x00007ffdfe2e0000 - 0x00007ffdfe302000 	C:\Windows\System32\win32u.dll
0x00007ffdeb400000 - 0x00007ffdeb69a000 	C:\Windows\WinSxS\amd64_microsoft.windows.common-controls_6595b64144ccf1df_6.0.19041.1110_none_60b5254171f9507e\COMCTL32.dll
0x00007ffe00200000 - 0x00007ffe0022b000 	C:\Windows\System32\GDI32.dll
0x00007ffdfe560000 - 0x00007ffdfe5fe000 	C:\Windows\System32\msvcrt.dll
0x00007ffdfdee0000 - 0x00007ffdfdfef000 	C:\Windows\System32\gdi32full.dll
0x00007ffdfda10000 - 0x00007ffdfdaad000 	C:\Windows\System32\msvcp_win.dll
0x00007ffe001d0000 - 0x00007ffe00200000 	C:\Windows\System32\IMM32.DLL
0x00007ffdc7770000 - 0x00007ffdc77fd000 	C:\Program Files\Android\Android Studio\jbr\bin\msvcp140.dll
0x00007ffde1f60000 - 0x00007ffde1f6c000 	C:\Windows\SYSTEM32\VCRUNTIME140_1.dll
0x00007ffdc2040000 - 0x00007ffdc2bfc000 	C:\Program Files\Android\Android Studio\jbr\bin\server\jvm.dll
0x00007ffdffd60000 - 0x00007ffdffe0e000 	C:\Windows\System32\ADVAPI32.dll
0x00007ffe00230000 - 0x00007ffe002cc000 	C:\Windows\System32\sechost.dll
0x00007ffe000a0000 - 0x00007ffe001c4000 	C:\Windows\System32\RPCRT4.dll
0x00007ffdfeea0000 - 0x00007ffdfeea8000 	C:\Windows\System32\PSAPI.DLL
0x00007ffdf9860000 - 0x00007ffdf9869000 	C:\Windows\SYSTEM32\WSOCK32.dll
0x00007ffdeb710000 - 0x00007ffdeb737000 	C:\Windows\SYSTEM32\WINMM.dll
0x00007ffdf7f90000 - 0x00007ffdf7f9a000 	C:\Windows\SYSTEM32\VERSION.dll
0x00007ffdffe70000 - 0x00007ffdffedb000 	C:\Windows\System32\WS2_32.dll
0x00007ffdfc260000 - 0x00007ffdfc272000 	C:\Windows\SYSTEM32\kernel.appcore.dll
0x00007ffdf8ba0000 - 0x00007ffdf8bb0000 	C:\Program Files\Android\Android Studio\jbr\bin\verify.dll
0x00007ffdf3e20000 - 0x00007ffdf4004000 	C:\Windows\SYSTEM32\DBGHELP.DLL
0x00007ffdf3de0000 - 0x00007ffdf3e15000 	C:\Windows\SYSTEM32\dbgcore.DLL
0x00007ffdfdff0000 - 0x00007ffdfe072000 	C:\Windows\System32\bcryptPrimitives.dll
0x00007ffdf6cf0000 - 0x00007ffdf6d18000 	C:\Program Files\Android\Android Studio\jbr\bin\java.dll
0x00007ffdf7660000 - 0x00007ffdf766a000 	C:\Program Files\Android\Android Studio\jbr\bin\jimage.dll
0x00007ffdf6cd0000 - 0x00007ffdf6ce8000 	C:\Program Files\Android\Android Studio\jbr\bin\zip.dll
0x00007ffdff610000 - 0x00007ffdffd55000 	C:\Windows\System32\SHELL32.dll
0x00007ffdfbab0000 - 0x00007ffdfc242000 	C:\Windows\SYSTEM32\windows.storage.dll
0x00007ffdfe6c0000 - 0x00007ffdfea15000 	C:\Windows\System32\combase.dll
0x00007ffdfd470000 - 0x00007ffdfd4a0000 	C:\Windows\SYSTEM32\Wldp.dll
0x00007ffdff2a0000 - 0x00007ffdff34d000 	C:\Windows\System32\SHCORE.dll
0x00007ffdfe480000 - 0x00007ffdfe4d5000 	C:\Windows\System32\shlwapi.dll
0x00007ffdfd950000 - 0x00007ffdfd96f000 	C:\Windows\SYSTEM32\profapi.dll
0x00007ffdf6bf0000 - 0x00007ffdf6c09000 	C:\Program Files\Android\Android Studio\jbr\bin\net.dll
0x00007ffdf4fe0000 - 0x00007ffdf50ea000 	C:\Windows\SYSTEM32\WINHTTP.dll
0x00007ffdfd1d0000 - 0x00007ffdfd23a000 	C:\Windows\system32\mswsock.dll
0x00007ffdf6bd0000 - 0x00007ffdf6be3000 	C:\Program Files\Android\Android Studio\jbr\bin\nio.dll
0x00007ffddada0000 - 0x00007ffddadc7000 	C:\Users\GF62\.gradle\native\e1d6ef7f7dcc3fd88c89a11ec53ec762bb8ba0a96d01ffa2cd45eb1d1d8dd5c5\windows-amd64\native-platform.dll
0x00007ffdc54b0000 - 0x00007ffdc55f4000 	C:\Users\GF62\.gradle\native\0d407fdbe67a94daf76414ababcb853783967236a71b16ec16e742cd7a986fd3\windows-amd64\native-platform-file-events.dll
0x00007ffdf7100000 - 0x00007ffdf710a000 	C:\Program Files\Android\Android Studio\jbr\bin\management.dll
0x00007ffdf70c0000 - 0x00007ffdf70cb000 	C:\Program Files\Android\Android Studio\jbr\bin\management_ext.dll
0x00007ffdfd3c0000 - 0x00007ffdfd3d8000 	C:\Windows\SYSTEM32\CRYPTSP.dll
0x00007ffdfca80000 - 0x00007ffdfcab4000 	C:\Windows\system32\rsaenh.dll
0x00007ffdfdeb0000 - 0x00007ffdfded7000 	C:\Windows\System32\bcrypt.dll
0x00007ffdfd8d0000 - 0x00007ffdfd8fe000 	C:\Windows\SYSTEM32\USERENV.dll
0x00007ffdfd3e0000 - 0x00007ffdfd3ec000 	C:\Windows\SYSTEM32\CRYPTBASE.dll
0x00007ffdfce70000 - 0x00007ffdfceab000 	C:\Windows\SYSTEM32\IPHLPAPI.DLL
0x00007ffdfea20000 - 0x00007ffdfea28000 	C:\Windows\System32\NSI.dll
0x00007ffdf5b70000 - 0x00007ffdf5b87000 	C:\Windows\SYSTEM32\dhcpcsvc6.DLL
0x00007ffdf5b50000 - 0x00007ffdf5b6d000 	C:\Windows\SYSTEM32\dhcpcsvc.DLL
0x00007ffdfceb0000 - 0x00007ffdfcf7b000 	C:\Windows\SYSTEM32\DNSAPI.dll

dbghelp: loaded successfully - version: 4.0.5 - missing functions: none
symbol engine: initialized successfully - sym options: 0x614 - pdb path: .;C:\Program Files\Android\Android Studio\jbr\bin;C:\Windows\SYSTEM32;C:\Windows\WinSxS\amd64_microsoft.windows.common-controls_6595b64144ccf1df_6.0.19041.1110_none_60b5254171f9507e;C:\Program Files\Android\Android Studio\jbr\bin\server;C:\Users\GF62\.gradle\native\e1d6ef7f7dcc3fd88c89a11ec53ec762bb8ba0a96d01ffa2cd45eb1d1d8dd5c5\windows-amd64;C:\Users\GF62\.gradle\native\0d407fdbe67a94daf76414ababcb853783967236a71b16ec16e742cd7a986fd3\windows-amd64

VM Arguments:
jvm_args: --add-opens=java.base/java.util=ALL-UNNAMED --add-opens=java.base/java.lang=ALL-UNNAMED --add-opens=java.base/java.lang.invoke=ALL-UNNAMED --add-opens=java.base/java.util=ALL-UNNAMED --add-opens=java.prefs/java.util.prefs=ALL-UNNAMED --add-opens=java.prefs/java.util.prefs=ALL-UNNAMED --add-opens=java.base/java.nio.charset=ALL-UNNAMED --add-opens=java.base/java.net=ALL-UNNAMED --add-opens=java.base/java.util.concurrent.atomic=ALL-UNNAMED -Xmx2048m -Dfile.encoding=UTF-8 -Duser.country=RU -Duser.language=ru -Duser.variant 
java_command: org.gradle.launcher.daemon.bootstrap.GradleDaemon 7.5
java_class_path (initial): C:\Users\GF62\.gradle\wrapper\dists\gradle-7.5-bin\f1w0cc9nuo0eivz97x2xlu9sv\gradle-7.5\lib\gradle-launcher-7.5.jar
Launcher Type: SUN_STANDARD

[Global flags]
     intx CICompilerCount                          = 4                                         {product} {ergonomic}
     uint ConcGCThreads                            = 3                                         {product} {ergonomic}
     uint G1ConcRefinementThreads                  = 10                                        {product} {ergonomic}
   size_t G1HeapRegionSize                         = 1048576                                   {product} {ergonomic}
    uintx GCDrainStackTargetSize                   = 64                                        {product} {ergonomic}
   size_t InitialHeapSize                          = 266338304                                 {product} {ergonomic}
   size_t MarkStackSize                            = 4194304                                   {product} {ergonomic}
   size_t MaxHeapSize                              = 2147483648                                {product} {command line}
   size_t MaxNewSize                               = 1287651328                                {product} {ergonomic}
   size_t MinHeapDeltaBytes                        = 1048576                                   {product} {ergonomic}
    uintx NonNMethodCodeHeapSize                   = 5836300                                {pd product} {ergonomic}
    uintx NonProfiledCodeHeapSize                  = 122910970                              {pd product} {ergonomic}
    uintx ProfiledCodeHeapSize                     = 122910970                              {pd product} {ergonomic}
    uintx ReservedCodeCacheSize                    = 251658240                              {pd product} {ergonomic}
     bool SegmentedCodeCache                       = true                                      {product} {ergonomic}
     bool UseCompressedClassPointers               = true                                 {lp64_product} {ergonomic}
     bool UseCompressedOops                        = true                                 {lp64_product} {ergonomic}
     bool UseG1GC                                  = true                                      {product} {ergonomic}
     bool UseLargePagesIndividualAllocation        = false                                  {pd product} {ergonomic}

Logging:
Log output configuration:
 #0: stdout all=warning uptime,level,tags
 #1: stderr all=off uptime,level,tags

Environment Variables:
JAVA_HOME=C:\Program Files\Java\jdk1.8.0_341
PATH=C:\Program Files (x86)\Common Files\Oracle\Java\javapath;C:\Windows\system32;C:\Windows;C:\Windows\System32\Wbem;C:\Windows\System32\WindowsPowerShell\v1.0\;C:\Windows\System32\OpenSSH\;C:\Program Files\Git\cmd;C:\Program Files (x86)\dotnet\;C:\Program Files\dotnet\;C:\Program Files\Java\jdk1.8.0_341\bin;C:\Program Files\Graphviz\bin;";C:\Program Files\OpenSSL-Win64\bin";C:\Program Files\OpenSSL-Win64\bin;C:\Users\GF62\AppData\Local\Microsoft\WindowsApps\pip.exe;C:\Program Files\php-8.2.3\php-8.2.3-Win32-vs16-x64;C:\Users\GF62\AppData\Local\Microsoft\WindowsApps;C:\Program Files\JetBrains\PyCharm Community Edition 2021.3.2\bin;C:\Program Files\JetBrains\JetBrains Rider 2021.3.3\bin;C:\Users\GF62\AppData\Local\gitkraken\bin;C:\Users\GF62\AppData\Local\Programs\Python\Python310\Scripts;C:\Users\GF62\AppData\Local\Programs\Microsoft VS Code\bin;C:\Program Files\php-8.2.3\php-8.2.3-Win32-vs16-x64;
USERNAME=GF62
OS=Windows_NT
PROCESSOR_IDENTIFIER=Intel64 Family 6 Model 158 Stepping 10, GenuineIntel



---------------  S Y S T E M  ---------------

OS: Windows 10 , 64 bit Build 19041 (10.0.19041.2546)
OS uptime: 1 days 10:41 hours

CPU:total 12 (initial active 12) (6 cores per cpu, 2 threads per core) family 6 model 158 stepping 10 microcode 0xb4, cmov, cx8, fxsr, mmx, sse, sse2, sse3, ssse3, sse4.1, sse4.2, popcnt, avx, avx2, aes, clmul, erms, 3dnowpref, lzcnt, ht, tsc, tscinvbit, bmi1, bmi2, adx, fma

Memory: 4k page, system-wide physical 16228M (442M free)
TotalPageFile size 26068M (AvailPageFile size 5M)
current process WorkingSet (physical memory assigned to process): 257M, peak: 258M
current process commit charge ("private bytes"): 434M, peak: 435M

vm_info: OpenJDK 64-Bit Server VM (11.0.15+0-b2043.56-8887301) for windows-amd64 JRE (11.0.15+0-b2043.56-8887301), built on Jul 29 2022 23:19:47 by "builduser" with unknown MS VC++:1929

END.
